Flow report for NiosCustomInstr
Wed Apr 26 13:21:16 2023
Quartus Prime Version 22.1std.0 Build 915 10/25/2022 SC Lite Edition


---------------------
; Table of Contents ;
---------------------
  1. Legal Notice
  2. Flow Summary
  3. Flow Settings
  4. Flow Non-Default Global Settings
  5. Flow Elapsed Time
  6. Flow OS Summary
  7. Flow Log
  8. Flow Messages
  9. Flow Suppressed Messages



----------------
; Legal Notice ;
----------------
Copyright (C) 2022  Intel Corporation. All rights reserved.
Your use of Intel Corporation's design tools, logic functions 
and other software and tools, and any partner logic 
functions, and any output files from any of the foregoing 
(including device programming or simulation files), and any 
associated documentation or information are expressly subject 
to the terms and conditions of the Intel Program License 
Subscription Agreement, the Intel Quartus Prime License Agreement,
the Intel FPGA IP License Agreement, or other applicable license
agreement, including, without limitation, that your use is for
the sole purpose of programming logic devices manufactured by
Intel and sold by Intel or its authorized distributors.  Please
refer to the applicable agreement for further details, at
https://fpgasoftware.intel.com/eula.



+-------------------------------------------------------------------------------------+
; Flow Summary                                                                        ;
+------------------------------------+------------------------------------------------+
; Flow Status                        ; Successful - Wed Apr 26 13:21:06 2023          ;
; Quartus Prime Version              ; 22.1std.0 Build 915 10/25/2022 SC Lite Edition ;
; Revision Name                      ; NiosCustomInstr                                ;
; Top-level Entity Name              ; DE10_LITE_Golden_Top                           ;
; Family                             ; MAX 10                                         ;
; Device                             ; 10M50DAF484C6GES                               ;
; Timing Models                      ; Preliminary                                    ;
; Total logic elements               ; 3,309 / 49,760 ( 7 % )                         ;
;     Total combinational functions  ; 2,908 / 49,760 ( 6 % )                         ;
;     Dedicated logic registers      ; 1,905 / 49,760 ( 4 % )                         ;
; Total registers                    ; 1905                                           ;
; Total pins                         ; 185 / 360 ( 51 % )                             ;
; Total virtual pins                 ; 0                                              ;
; Total memory bits                  ; 391,232 / 1,677,312 ( 23 % )                   ;
; Embedded Multiplier 9-bit elements ; 6 / 288 ( 2 % )                                ;
; Total PLLs                         ; 0 / 4 ( 0 % )                                  ;
; UFM blocks                         ; 0 / 1 ( 0 % )                                  ;
; ADC blocks                         ; 0 / 2 ( 0 % )                                  ;
+------------------------------------+------------------------------------------------+


+-----------------------------------------+
; Flow Settings                           ;
+-------------------+---------------------+
; Option            ; Setting             ;
+-------------------+---------------------+
; Start date & time ; 04/26/2023 13:19:41 ;
; Main task         ; Compilation         ;
; Revision Name     ; NiosCustomInstr     ;
+-------------------+---------------------+


+--------------------------------------------------------------------------------------------------------------------------------------------------------+
; Flow Non-Default Global Settings                                                                                                                       ;
+-------------------------------------+------------------------------------------------------------+-----------------+----------------------+------------+
; Assignment Name                     ; Value                                                      ; Default Value   ; Entity Name          ; Section Id ;
+-------------------------------------+------------------------------------------------------------+-----------------+----------------------+------------+
; COMPILER_SIGNATURE_ID               ; 9447191139222.168250438106160                              ; --              ; --                   ; --         ;
; MAX_CORE_JUNCTION_TEMP              ; 85                                                         ; --              ; --                   ; --         ;
; MIN_CORE_JUNCTION_TEMP              ; 0                                                          ; --              ; --                   ; --         ;
; MISC_FILE                           ; NiosInst/synthesis/../NiosInst.cmp                         ; --              ; --                   ; --         ;
; MISC_FILE                           ; NiosInst/synthesis/../../NiosInst.qsys                     ; --              ; --                   ; --         ;
; OUTPUT_IO_TIMING_FAR_END_VMEAS      ; Half Signal Swing                                          ; --              ; --                   ; --         ;
; OUTPUT_IO_TIMING_FAR_END_VMEAS      ; Half Signal Swing                                          ; --              ; --                   ; --         ;
; OUTPUT_IO_TIMING_NEAR_END_VMEAS     ; Half Vccio                                                 ; --              ; --                   ; --         ;
; OUTPUT_IO_TIMING_NEAR_END_VMEAS     ; Half Vccio                                                 ; --              ; --                   ; --         ;
; PARTITION_COLOR                     ; -- (Not supported for targeted family)                     ; --              ; DE10_LITE_Golden_Top ; Top        ;
; PARTITION_FITTER_PRESERVATION_LEVEL ; -- (Not supported for targeted family)                     ; --              ; DE10_LITE_Golden_Top ; Top        ;
; PARTITION_NETLIST_TYPE              ; -- (Not supported for targeted family)                     ; --              ; DE10_LITE_Golden_Top ; Top        ;
; POWER_BOARD_THERMAL_MODEL           ; None (CONSERVATIVE)                                        ; --              ; --                   ; --         ;
; POWER_PRESET_COOLING_SOLUTION       ; 23 MM HEAT SINK WITH 200 LFPM AIRFLOW                      ; --              ; --                   ; --         ;
; PROJECT_OUTPUT_DIRECTORY            ; output_files                                               ; --              ; --                   ; --         ;
; SLD_FILE                            ; NiosInst/synthesis/NiosInst.regmap                         ; --              ; --                   ; --         ;
; SLD_FILE                            ; NiosInst/synthesis/NiosInst.debuginfo                      ; --              ; --                   ; --         ;
; SLD_INFO                            ; QSYS_NAME NiosInst HAS_SOPCINFO 1 GENERATION_ID 1682504238 ; --              ; NiosInst             ; --         ;
; SOPCINFO_FILE                       ; NiosInst/synthesis/../../NiosInst.sopcinfo                 ; --              ; --                   ; --         ;
; SYNTHESIS_ONLY_QIP                  ; On                                                         ; --              ; --                   ; --         ;
; TOP_LEVEL_ENTITY                    ; DE10_LITE_Golden_Top                                       ; NiosCustomInstr ; --                   ; --         ;
+-------------------------------------+------------------------------------------------------------+-----------------+----------------------+------------+


+--------------------------------------------------------------------------------------------------------------------------+
; Flow Elapsed Time                                                                                                        ;
+----------------------+--------------+-------------------------+---------------------+------------------------------------+
; Module Name          ; Elapsed Time ; Average Processors Used ; Peak Virtual Memory ; Total CPU Time (on all processors) ;
+----------------------+--------------+-------------------------+---------------------+------------------------------------+
; Analysis & Synthesis ; 00:00:44     ; 1.0                     ; 4935 MB             ; 00:01:13                           ;
; Fitter               ; 00:00:28     ; 1.5                     ; 5709 MB             ; 00:00:45                           ;
; Assembler            ; 00:00:04     ; 1.0                     ; 4737 MB             ; 00:00:04                           ;
; Timing Analyzer      ; 00:00:09     ; 1.9                     ; 4879 MB             ; 00:00:15                           ;
; Total                ; 00:01:25     ; --                      ; --                  ; 00:02:17                           ;
+----------------------+--------------+-------------------------+---------------------+------------------------------------+


+------------------------------------------------------------------------------------+
; Flow OS Summary                                                                    ;
+----------------------+------------------+------------+------------+----------------+
; Module Name          ; Machine Hostname ; OS Name    ; OS Version ; Processor type ;
+----------------------+------------------+------------+------------+----------------+
; Analysis & Synthesis ; DESKTOP-TDRP5HG  ; Windows 10 ; 10.0       ; x86_64         ;
; Fitter               ; DESKTOP-TDRP5HG  ; Windows 10 ; 10.0       ; x86_64         ;
; Assembler            ; DESKTOP-TDRP5HG  ; Windows 10 ; 10.0       ; x86_64         ;
; Timing Analyzer      ; DESKTOP-TDRP5HG  ; Windows 10 ; 10.0       ; x86_64         ;
+----------------------+------------------+------------+------------+----------------+


------------
; Flow Log ;
------------
quartus_map --read_settings_files=on --write_settings_files=off NiosCustomInstr -c NiosCustomInstr
quartus_fit --read_settings_files=off --write_settings_files=off NiosCustomInstr -c NiosCustomInstr
quartus_asm --read_settings_files=off --write_settings_files=off NiosCustomInstr -c NiosCustomInstr
quartus_sta NiosCustomInstr -c NiosCustomInstr



