Info: Starting: Create block symbol file (.bsf)
Info: qsys-generate C:\Users\ailen\Desktop\licenta\Nios_Custom_periherial_1\NiosCustomIP.qsys --block-symbol-file --output-directory=C:\Users\ailen\Desktop\licenta\Nios_Custom_periherial_1\NiosCustomIP --family="MAX 10" --part=10M50DAF484C6GES
Progress: Loading Nios_Custom_periherial_1/NiosCustomIP.qsys
Progress: Reading input file
Progress: Adding DEBUG [altera_avalon_jtag_uart 22.1]
Progress: Parameterizing module DEBUG
Progress: Adding LEDs [LEDs 1.0]
Progress: Parameterizing module LEDs
Progress: Adding NiosCustomIP [altera_nios2_gen2 22.1]
Progress: Parameterizing module NiosCustomIP
Progress: Adding SRAM [altera_avalon_onchip_memory2 22.1]
Progress: Parameterizing module SRAM
Progress: Adding clk_0 [clock_source 22.1]
Progress: Parameterizing module clk_0
Progress: Building connections
Progress: Parameterizing connections
Progress: Validating
Progress: Done reading input file
Info: NiosCustomIP.DEBUG: JTAG UART IP input clock need to be at least double (2x) the operating frequency of JTAG TCK on board
Info: qsys-generate succeeded.
Info: Finished: Create block symbol file (.bsf)
Info: 
Info: Starting: Create HDL design files for synthesis
Info: qsys-generate C:\Users\ailen\Desktop\licenta\Nios_Custom_periherial_1\NiosCustomIP.qsys --synthesis=VERILOG --output-directory=C:\Users\ailen\Desktop\licenta\Nios_Custom_periherial_1\NiosCustomIP\synthesis --family="MAX 10" --part=10M50DAF484C6GES
Progress: Loading Nios_Custom_periherial_1/NiosCustomIP.qsys
Progress: Reading input file
Progress: Adding DEBUG [altera_avalon_jtag_uart 22.1]
Progress: Parameterizing module DEBUG
Progress: Adding LEDs [LEDs 1.0]
Progress: Parameterizing module LEDs
Progress: Adding NiosCustomIP [altera_nios2_gen2 22.1]
Progress: Parameterizing module NiosCustomIP
Progress: Adding SRAM [altera_avalon_onchip_memory2 22.1]
Progress: Parameterizing module SRAM
Progress: Adding clk_0 [clock_source 22.1]
Progress: Parameterizing module clk_0
Progress: Building connections
Progress: Parameterizing connections
Progress: Validating
Progress: Done reading input file
Info: NiosCustomIP.DEBUG: JTAG UART IP input clock need to be at least double (2x) the operating frequency of JTAG TCK on board
Info: NiosCustomIP: Generating NiosCustomIP "NiosCustomIP" for QUARTUS_SYNTH
Info: DEBUG: Starting RTL generation for module 'NiosCustomIP_DEBUG'
Info: DEBUG:   Generation command is [exec C:/intelfpga_lite/22.1std/quartus/bin64/perl/bin/perl.exe -I C:/intelfpga_lite/22.1std/quartus/bin64/perl/lib -I C:/intelfpga_lite/22.1std/quartus/sopc_builder/bin/europa -I C:/intelfpga_lite/22.1std/quartus/sopc_builder/bin -I C:/intelfpga_lite/22.1std/quartus/../ip/altera/sopc_builder_ip/common -I C:/intelfpga_lite/22.1std/quartus/../ip/altera/sopc_builder_ip/altera_avalon_jtag_uart -- C:/intelfpga_lite/22.1std/quartus/../ip/altera/sopc_builder_ip/altera_avalon_jtag_uart/generate_rtl.pl --name=NiosCustomIP_DEBUG --dir=C:/Users/ailen/AppData/Local/Temp/alt9473_5620210899496522298.dir/0032_DEBUG_gen/ --quartus_dir=C:/intelfpga_lite/22.1std/quartus --verilog --config=C:/Users/ailen/AppData/Local/Temp/alt9473_5620210899496522298.dir/0032_DEBUG_gen//NiosCustomIP_DEBUG_component_configuration.pl  --do_build_sim=0  ]
Info: DEBUG: Done RTL generation for module 'NiosCustomIP_DEBUG'
Info: DEBUG: "NiosCustomIP" instantiated altera_avalon_jtag_uart "DEBUG"
Info: LEDs: "NiosCustomIP" instantiated LEDs "LEDs"
Info: NiosCustomIP: "NiosCustomIP" instantiated altera_nios2_gen2 "NiosCustomIP"
Info: SRAM: Starting RTL generation for module 'NiosCustomIP_SRAM'
Info: SRAM:   Generation command is [exec C:/intelfpga_lite/22.1std/quartus/bin64/perl/bin/perl.exe -I C:/intelfpga_lite/22.1std/quartus/bin64/perl/lib -I C:/intelfpga_lite/22.1std/quartus/sopc_builder/bin/europa -I C:/intelfpga_lite/22.1std/quartus/sopc_builder/bin -I C:/intelfpga_lite/22.1std/quartus/../ip/altera/sopc_builder_ip/common -I C:/intelfpga_lite/22.1std/quartus/../ip/altera/sopc_builder_ip/altera_avalon_onchip_memory2 -- C:/intelfpga_lite/22.1std/quartus/../ip/altera/sopc_builder_ip/altera_avalon_onchip_memory2/generate_rtl.pl --name=NiosCustomIP_SRAM --dir=C:/Users/ailen/AppData/Local/Temp/alt9473_5620210899496522298.dir/0034_SRAM_gen/ --quartus_dir=C:/intelfpga_lite/22.1std/quartus --verilog --config=C:/Users/ailen/AppData/Local/Temp/alt9473_5620210899496522298.dir/0034_SRAM_gen//NiosCustomIP_SRAM_component_configuration.pl  --do_build_sim=0  ]
Info: SRAM: Done RTL generation for module 'NiosCustomIP_SRAM'
Info: SRAM: "NiosCustomIP" instantiated altera_avalon_onchip_memory2 "SRAM"
Info: avalon_st_adapter: Inserting error_adapter: error_adapter_0
Info: avalon_st_adapter_001: Inserting error_adapter: error_adapter_0
Info: avalon_st_adapter_002: Inserting error_adapter: error_adapter_0
Info: avalon_st_adapter_003: Inserting error_adapter: error_adapter_0
Info: mm_interconnect_0: "NiosCustomIP" instantiated altera_mm_interconnect "mm_interconnect_0"
Info: irq_mapper: "NiosCustomIP" instantiated altera_irq_mapper "irq_mapper"
Info: rst_controller: "NiosCustomIP" instantiated altera_reset_controller "rst_controller"
Info: cpu: Starting RTL generation for module 'NiosCustomIP_NiosCustomIP_cpu'
Info: cpu:   Generation command is [exec C:/intelFPGA_lite/22.1std/quartus/bin64//perl/bin/perl.exe -I C:/intelFPGA_lite/22.1std/quartus/bin64//perl/lib -I C:/intelfpga_lite/22.1std/quartus/sopc_builder/bin/europa -I C:/intelfpga_lite/22.1std/quartus/sopc_builder/bin -I C:/intelfpga_lite/22.1std/quartus/../ip/altera/nios2_ip/altera_nios2_gen2/cpu_lib -I C:/intelfpga_lite/22.1std/quartus/../ip/altera/nios2_ip/altera_nios2_gen2/nios_lib -I C:/intelfpga_lite/22.1std/quartus/../ip/altera/nios2_ip/altera_nios2_gen2 -I C:/intelfpga_lite/22.1std/quartus/../ip/altera/nios2_ip/altera_nios2_gen2 -- C:/intelfpga_lite/22.1std/quartus/../ip/altera/nios2_ip/altera_nios2_gen2/generate_rtl.pl --name=NiosCustomIP_NiosCustomIP_cpu --dir=C:/Users/ailen/AppData/Local/Temp/alt9473_5620210899496522298.dir/0037_cpu_gen/ --quartus_bindir=C:/intelFPGA_lite/22.1std/quartus/bin64/ --verilog --config=C:/Users/ailen/AppData/Local/Temp/alt9473_5620210899496522298.dir/0037_cpu_gen//NiosCustomIP_NiosCustomIP_cpu_processor_configuration.pl  --do_build_sim=0  ]
Info: cpu: # 2023.04.26 11:33:10 (*) Starting Nios II generation
Info: cpu: # 2023.04.26 11:33:10 (*)   Elaborating CPU configuration settings
Info: cpu: # 2023.04.26 11:33:10 (*)   Creating all objects for CPU
Info: cpu: # 2023.04.26 11:33:10 (*)     Testbench
Info: cpu: # 2023.04.26 11:33:10 (*)     Instruction decoding
Info: cpu: # 2023.04.26 11:33:10 (*)       Instruction fields
Info: cpu: # 2023.04.26 11:33:10 (*)       Instruction decodes
Info: cpu: # 2023.04.26 11:33:11 (*)       Signals for RTL simulation waveforms
Info: cpu: # 2023.04.26 11:33:11 (*)       Instruction controls
Info: cpu: # 2023.04.26 11:33:11 (*)     Pipeline frontend
Info: cpu: # 2023.04.26 11:33:11 (*)     Pipeline backend
Info: cpu: # 2023.04.26 11:33:13 (*)   Generating RTL from CPU objects
Info: cpu: # 2023.04.26 11:33:13 (*)   Creating plain-text RTL
Info: cpu: # 2023.04.26 11:33:14 (*) Done Nios II generation
Info: cpu: Done RTL generation for module 'NiosCustomIP_NiosCustomIP_cpu'
Info: cpu: "NiosCustomIP" instantiated altera_nios2_gen2_unit "cpu"
Info: NiosCustomIP_data_master_translator: "mm_interconnect_0" instantiated altera_merlin_master_translator "NiosCustomIP_data_master_translator"
Info: DEBUG_avalon_jtag_slave_translator: "mm_interconnect_0" instantiated altera_merlin_slave_translator "DEBUG_avalon_jtag_slave_translator"
Info: NiosCustomIP_data_master_agent: "mm_interconnect_0" instantiated altera_merlin_master_agent "NiosCustomIP_data_master_agent"
Info: DEBUG_avalon_jtag_slave_agent: "mm_interconnect_0" instantiated altera_merlin_slave_agent "DEBUG_avalon_jtag_slave_agent"
Info: DEBUG_avalon_jtag_slave_agent_rsp_fifo: "mm_interconnect_0" instantiated altera_avalon_sc_fifo "DEBUG_avalon_jtag_slave_agent_rsp_fifo"
Info: router: "mm_interconnect_0" instantiated altera_merlin_router "router"
Info: router_001: "mm_interconnect_0" instantiated altera_merlin_router "router_001"
Info: router_002: "mm_interconnect_0" instantiated altera_merlin_router "router_002"
Info: router_004: "mm_interconnect_0" instantiated altera_merlin_router "router_004"
Info: NiosCustomIP_data_master_limiter: "mm_interconnect_0" instantiated altera_merlin_traffic_limiter "NiosCustomIP_data_master_limiter"
Info: Reusing file C:/Users/ailen/Desktop/licenta/Nios_Custom_periherial_1/NiosCustomIP/synthesis/submodules/altera_avalon_sc_fifo.v
Info: cmd_demux: "mm_interconnect_0" instantiated altera_merlin_demultiplexer "cmd_demux"
Info: cmd_demux_001: "mm_interconnect_0" instantiated altera_merlin_demultiplexer "cmd_demux_001"
Info: cmd_mux: "mm_interconnect_0" instantiated altera_merlin_multiplexer "cmd_mux"
Info: cmd_mux_002: "mm_interconnect_0" instantiated altera_merlin_multiplexer "cmd_mux_002"
Info: Reusing file C:/Users/ailen/Desktop/licenta/Nios_Custom_periherial_1/NiosCustomIP/synthesis/submodules/altera_merlin_arbitrator.sv
Info: rsp_demux: "mm_interconnect_0" instantiated altera_merlin_demultiplexer "rsp_demux"
Info: rsp_demux_002: "mm_interconnect_0" instantiated altera_merlin_demultiplexer "rsp_demux_002"
Info: rsp_mux: "mm_interconnect_0" instantiated altera_merlin_multiplexer "rsp_mux"
Info: Reusing file C:/Users/ailen/Desktop/licenta/Nios_Custom_periherial_1/NiosCustomIP/synthesis/submodules/altera_merlin_arbitrator.sv
Info: rsp_mux_001: "mm_interconnect_0" instantiated altera_merlin_multiplexer "rsp_mux_001"
Info: Reusing file C:/Users/ailen/Desktop/licenta/Nios_Custom_periherial_1/NiosCustomIP/synthesis/submodules/altera_merlin_arbitrator.sv
Info: avalon_st_adapter: "mm_interconnect_0" instantiated altera_avalon_st_adapter "avalon_st_adapter"
Info: error_adapter_0: "avalon_st_adapter" instantiated error_adapter "error_adapter_0"
Info: NiosCustomIP: Done "NiosCustomIP" with 29 modules, 50 files
Info: qsys-generate succeeded.
Info: Finished: Create HDL design files for synthesis
