16:49:30 **** Incremental Build of configuration Nios II for project Buffer ****
wsl make all 
Info: Building /mnt/c/Users/ailen/Desktop/licenta/Nios_buffer/software/Buffer_bsp/
make --no-print-directory -C /mnt/c/Users/ailen/Desktop/licenta/Nios_buffer/software/Buffer_bsp/
[BSP build complete]
Info: Compiling hello_world_small.c to obj/default/hello_world_small.o
nios2-elf-gcc.exe -xc -MP -MMD -c -Ic:/Users/ailen/Desktop/licenta/Nios_buffer/software/Buffer_bsp//HAL/inc -Ic:/Users/ailen/Desktop/licenta/Nios_buffer/software/Buffer_bsp/ -Ic:/Users/ailen/Desktop/licenta/Nios_buffer/software/Buffer_bsp//drivers/inc -pipe -D__hal__ -DALT_NO_C_PLUS_PLUS -DALT_NO_CLEAN_EXIT -D'exit(a)=_exit(a)' -DALT_NO_EXIT -DALT_USE_DIRECT_DRIVERS -DALT_NO_INSTRUCTION_EMULATION -DALT_USE_SMALL_DRIVERS -DSMALL_C_LIB -DALT_SINGLE_THREADED    -Os -g -Wall  -mno-hw-div -mno-hw-div -mhw-mul -mno-hw-mulx -mgpopt=global  -o "obj/default/hello_world_small.o" "hello_world_small.c"
hello_world_small.c: In function 'main':
hello_world_small.c:7:13: warning: unused variable 'i' [-Wunused-variable]
    7 |         int i;
      |             ^
Info: Linking Buffer.elf
nios2-elf-g++.exe -T'c:/Users/ailen/Desktop/licenta/Nios_buffer/software/Buffer_bsp//linker.x' -msys-crt0='c:/Users/ailen/Desktop/licenta/Nios_buffer/software/Buffer_bsp//obj/HAL/src/crt0.o' -msys-lib=hal_bsp -Lc:/Users/ailen/Desktop/licenta/Nios_buffer/software/Buffer_bsp/ -msmallc  -Wl,-Map=Buffer.map   -Os -g -Wall  -mno-hw-div -mno-hw-div -mhw-mul -mno-hw-mulx -mgpopt=global  -o Buffer.elf obj/default/hello_world_small.o -lm -msys-lib=m
nios2-elf-insert.exe Buffer.elf --thread_model hal --cpu_name NIOS_BUFF --qsys true --simulation_enabled false --stderr_dev DEBUG --stdin_dev DEBUG --stdout_dev DEBUG --sopc_system_name Nios_Buffer --quartus_project_dir "c:/Users/ailen/Desktop/licenta/Nios_buffer" --jdi ../..//output_files/Nios_buffer.jdi --sopcinfo c:/Users/ailen/Desktop/licenta/Nios_buffer/Nios_Buffer.sopcinfo
Info: (Buffer.elf) 3600 Bytes program size (code + initialized data).
Info:              36 KBytes free for stack + heap.
Info: Creating Buffer.objdump
nios2-elf-objdump.exe --disassemble --syms --all-header --source Buffer.elf >Buffer.objdump
[Buffer build complete]
16:49:49 **** Build of configuration Nios II for project Buffer ****
wsl make all 
Info: Building /mnt/c/Users/ailen/Desktop/licenta/Nios_buffer/software/Buffer_bsp/
make --no-print-directory -C /mnt/c/Users/ailen/Desktop/licenta/Nios_buffer/software/Buffer_bsp/
[BSP build complete]
[Buffer build complete]
16:49:50 **** Incremental Build of configuration Nios II for project Buffer ****
wsl make all 
Info: Building /mnt/c/Users/ailen/Desktop/licenta/Nios_buffer/software/Buffer_bsp/
make --no-print-directory -C /mnt/c/Users/ailen/Desktop/licenta/Nios_buffer/software/Buffer_bsp/
[BSP build complete]
[Buffer build complete]
