19:57:42 **** Build of configuration Nios II for project Nios_Tesc_i2c ****
wsl make all 
Info: Building /mnt/c/Users/ailen/Desktop/licenta/Nios_i2c_accelerometer/software/Nios_Tesc_i2c_bsp/
make --no-print-directory -C /mnt/c/Users/ailen/Desktop/licenta/Nios_i2c_accelerometer/software/Nios_Tesc_i2c_bsp/
[BSP build complete]
Info: Compiling hello_world.c to obj/default/hello_world.o
nios2-elf-gcc.exe -xc -MP -MMD -c -Ic:/Users/ailen/Desktop/licenta/Nios_i2c_accelerometer/software/Nios_Tesc_i2c_bsp//HAL/inc -Ic:/Users/ailen/Desktop/licenta/Nios_i2c_accelerometer/software/Nios_Tesc_i2c_bsp/ -Ic:/Users/ailen/Desktop/licenta/Nios_i2c_accelerometer/software/Nios_Tesc_i2c_bsp//drivers/inc -pipe -D__hal__ -DALT_NO_INSTRUCTION_EMULATION -DALT_SINGLE_THREADED    -O0 -g -Wall  -mno-hw-div -mno-hw-div -mhw-mul -mno-hw-mulx -mgpopt=global  -o "obj/default/hello_world.o" "hello_world.c"
Info: Linking Nios_Tesc_i2c.elf
nios2-elf-g++.exe -T'c:/Users/ailen/Desktop/licenta/Nios_i2c_accelerometer/software/Nios_Tesc_i2c_bsp//linker.x' -msys-crt0='c:/Users/ailen/Desktop/licenta/Nios_i2c_accelerometer/software/Nios_Tesc_i2c_bsp//obj/HAL/src/crt0.o' -msys-lib=hal_bsp -Lc:/Users/ailen/Desktop/licenta/Nios_i2c_accelerometer/software/Nios_Tesc_i2c_bsp/   -Wl,-Map=Nios_Tesc_i2c.map   -O0 -g -Wall  -mno-hw-div -mno-hw-div -mhw-mul -mno-hw-mulx -mgpopt=global  -o Nios_Tesc_i2c.elf obj/default/hello_world.o -lm -msys-lib=m
c:/intelfpga_lite/22.1std/nios2eds/bin/gnu/h-x86_64-mingw32/bin/../lib/gcc/nios2-elf/12.1.1/../../../../../H-x86_64-mingw32/nios2-elf/bin/ld.exe: obj/default/hello_world.o: in function `config_device':
C:\Users\ailen\Desktop\licenta\Nios_i2c_accelerometer\software\Nios_Tesc_i2c/hello_world.c:102: undefined reference to `write_to_i2c_device'
c:/intelfpga_lite/22.1std/nios2eds/bin/gnu/h-x86_64-mingw32/bin/../lib/gcc/nios2-elf/12.1.1/../../../../../H-x86_64-mingw32/nios2-elf/bin/ld.exe: C:\Users\ailen\Desktop\licenta\Nios_i2c_accelerometer\software\Nios_Tesc_i2c/hello_world.c:134: undefined reference to `write_to_i2c_device'
c:/intelfpga_lite/22.1std/nios2eds/bin/gnu/h-x86_64-mingw32/bin/../lib/gcc/nios2-elf/12.1.1/../../../../../H-x86_64-mingw32/nios2-elf/bin/ld.exe: C:\Users\ailen\Desktop\licenta\Nios_i2c_accelerometer\software\Nios_Tesc_i2c/hello_world.c:138: undefined reference to `write_to_i2c_device'
c:/intelfpga_lite/22.1std/nios2eds/bin/gnu/h-x86_64-mingw32/bin/../lib/gcc/nios2-elf/12.1.1/../../../../../H-x86_64-mingw32/nios2-elf/bin/ld.exe: C:\Users\ailen\Desktop\licenta\Nios_i2c_accelerometer\software\Nios_Tesc_i2c/hello_world.c:142: undefined reference to `write_to_i2c_device'
c:/intelfpga_lite/22.1std/nios2eds/bin/gnu/h-x86_64-mingw32/bin/../lib/gcc/nios2-elf/12.1.1/../../../../../H-x86_64-mingw32/nios2-elf/bin/ld.exe: C:\Users\ailen\Desktop\licenta\Nios_i2c_accelerometer\software\Nios_Tesc_i2c/hello_world.c:144: undefined reference to `write_to_i2c_device'
c:/intelfpga_lite/22.1std/nios2eds/bin/gnu/h-x86_64-mingw32/bin/../lib/gcc/nios2-elf/12.1.1/../../../../../H-x86_64-mingw32/nios2-elf/bin/ld.exe: obj/default/hello_world.o:C:\Users\ailen\Desktop\licenta\Nios_i2c_accelerometer\software\Nios_Tesc_i2c/hello_world.c:146: more undefined references to `write_to_i2c_device' follow
c:/intelfpga_lite/22.1std/nios2eds/bin/gnu/h-x86_64-mingw32/bin/../lib/gcc/nios2-elf/12.1.1/../../../../../H-x86_64-mingw32/nios2-elf/bin/ld.exe: obj/default/hello_world.o: in function `read_device_id':
C:\Users\ailen\Desktop\licenta\Nios_i2c_accelerometer\software\Nios_Tesc_i2c/hello_world.c:161: undefined reference to `read_from_i2c_device'
c:/intelfpga_lite/22.1std/nios2eds/bin/gnu/h-x86_64-mingw32/bin/../lib/gcc/nios2-elf/12.1.1/../../../../../H-x86_64-mingw32/nios2-elf/bin/ld.exe: obj/default/hello_world.o: in function `read_irq_reg':
C:\Users\ailen\Desktop\licenta\Nios_i2c_accelerometer\software\Nios_Tesc_i2c/hello_world.c:169: undefined reference to `read_from_i2c_device'
c:/intelfpga_lite/22.1std/nios2eds/bin/gnu/h-x86_64-mingw32/bin/../lib/gcc/nios2-elf/12.1.1/../../../../../H-x86_64-mingw32/nios2-elf/bin/ld.exe: obj/default/hello_world.o: in function `read_adxl345_reg':
C:\Users\ailen\Desktop\licenta\Nios_i2c_accelerometer\software\Nios_Tesc_i2c/hello_world.c:176: undefined reference to `read_from_i2c_device'
c:/intelfpga_lite/22.1std/nios2eds/bin/gnu/h-x86_64-mingw32/bin/../lib/gcc/nios2-elf/12.1.1/../../../../../H-x86_64-mingw32/nios2-elf/bin/ld.exe: obj/default/hello_world.o: in function `read_acceleration_data':
C:\Users\ailen\Desktop\licenta\Nios_i2c_accelerometer\software\Nios_Tesc_i2c/hello_world.c:190: undefined reference to `read_from_i2c_device'
c:/intelfpga_lite/22.1std/nios2eds/bin/gnu/h-x86_64-mingw32/bin/../lib/gcc/nios2-elf/12.1.1/../../../../../H-x86_64-mingw32/nios2-elf/bin/ld.exe: C:\Users\ailen\Desktop\licenta\Nios_i2c_accelerometer\software\Nios_Tesc_i2c/hello_world.c:205: undefined reference to `read_from_i2c_device'
collect2.exe: error: ld returned 1 exit status
make: *** [Makefile:1015: Nios_Tesc_i2c.elf] Error 1

19:57:43 Build Finished (took 1s.261ms)

