14:34:46 **** Incremental Build of configuration Nios II for project nios_dma ****
wsl make all 
Info: Building /mnt/c/Users/ailen/Desktop/licenta/Nios_DMA/software/nios_dma_bsp/
make --no-print-directory -C /mnt/c/Users/ailen/Desktop/licenta/Nios_DMA/software/nios_dma_bsp/
[BSP build complete]
Info: Compiling hello_world_small.c to obj/default/hello_world_small.o
nios2-elf-gcc.exe -xc -MP -MMD -c -Ic:/Users/ailen/Desktop/licenta/Nios_DMA/software/nios_dma_bsp//HAL/inc -Ic:/Users/ailen/Desktop/licenta/Nios_DMA/software/nios_dma_bsp/ -Ic:/Users/ailen/Desktop/licenta/Nios_DMA/software/nios_dma_bsp//drivers/inc -pipe -D__hal__ -DALT_NO_C_PLUS_PLUS -DALT_NO_CLEAN_EXIT -D'exit(a)=_exit(a)' -DALT_NO_EXIT -DALT_USE_DIRECT_DRIVERS -DALT_NO_INSTRUCTION_EMULATION -DALT_USE_SMALL_DRIVERS -DSMALL_C_LIB -DALT_SINGLE_THREADED    -Os -g -Wall  -mno-hw-div -mno-hw-div -mhw-mul -mno-hw-mulx -mgpopt=global  -o "obj/default/hello_world_small.o" "hello_world_small.c"
Info: Linking nios_dma.elf
nios2-elf-g++.exe -T'c:/Users/ailen/Desktop/licenta/Nios_DMA/software/nios_dma_bsp//linker.x' -msys-crt0='c:/Users/ailen/Desktop/licenta/Nios_DMA/software/nios_dma_bsp//obj/HAL/src/crt0.o' -msys-lib=hal_bsp -Lc:/Users/ailen/Desktop/licenta/Nios_DMA/software/nios_dma_bsp/ -msmallc  -Wl,-Map=nios_dma.map   -Os -g -Wall  -mno-hw-div -mno-hw-div -mhw-mul -mno-hw-mulx -mgpopt=global  -o nios_dma.elf obj/default/hello_world_small.o -lm -msys-lib=m
nios2-elf-insert.exe nios_dma.elf --thread_model hal --cpu_name nios2_gen2_0 --qsys true --simulation_enabled false --stderr_dev jtag_uart_0 --stdin_dev jtag_uart_0 --stdout_dev jtag_uart_0 --sopc_system_name dma --quartus_project_dir "c:/Users/ailen/Desktop/licenta/Nios_DMA" --jdi ../..//output_files/nios_dma.jdi --sopcinfo c:/Users/ailen/Desktop/licenta/Nios_DMA/dma.sopcinfo
Info: (nios_dma.elf) 11 KBytes program size (code + initialized data).
Info:                28 KBytes free for stack + heap.
Info: Creating nios_dma.objdump
nios2-elf-objdump.exe --disassemble --syms --all-header --source nios_dma.elf >nios_dma.objdump
[nios_dma build complete]
14:34:55 **** Build of configuration Nios II for project nios_dma ****
wsl make all 
Info: Building /mnt/c/Users/ailen/Desktop/licenta/Nios_DMA/software/nios_dma_bsp/
make --no-print-directory -C /mnt/c/Users/ailen/Desktop/licenta/Nios_DMA/software/nios_dma_bsp/
[BSP build complete]
[nios_dma build complete]
14:34:56 **** Incremental Build of configuration Nios II for project nios_dma ****
wsl make all 
Info: Building /mnt/c/Users/ailen/Desktop/licenta/Nios_DMA/software/nios_dma_bsp/
make --no-print-directory -C /mnt/c/Users/ailen/Desktop/licenta/Nios_DMA/software/nios_dma_bsp/
[BSP build complete]
[nios_dma build complete]
