Info: Starting: Create block symbol file (.bsf)
Info: qsys-generate C:\Users\ailen\Desktop\licenta\Nios_Custom_Instruction\NiosInst.qsys --block-symbol-file --output-directory=C:\Users\ailen\Desktop\licenta\Nios_Custom_Instruction\NiosInst --family="MAX 10" --part=10M50DAF484C6GES
Progress: Loading Nios_Custom_Instruction/NiosInst.qsys
Progress: Reading input file
Progress: Adding DEBUG [altera_avalon_jtag_uart 22.1]
Progress: Parameterizing module DEBUG
Progress: Adding MyAnd [MyAnd 1.0]
Progress: Parameterizing module MyAnd
Progress: Adding NiosCustomInstr [altera_nios2_gen2 22.1]
Progress: Parameterizing module NiosCustomInstr
Progress: Adding SRAM [altera_avalon_onchip_memory2 22.1]
Progress: Parameterizing module SRAM
Progress: Adding clk_0 [clock_source 22.1]
Progress: Parameterizing module clk_0
Progress: Building connections
Progress: Parameterizing connections
Progress: Validating
Progress: Done reading input file
Info: NiosInst.DEBUG: JTAG UART IP input clock need to be at least double (2x) the operating frequency of JTAG TCK on board
Info: qsys-generate succeeded.
Info: Finished: Create block symbol file (.bsf)
Info: 
Info: Starting: Create HDL design files for synthesis
Info: qsys-generate C:\Users\ailen\Desktop\licenta\Nios_Custom_Instruction\NiosInst.qsys --synthesis=VERILOG --output-directory=C:\Users\ailen\Desktop\licenta\Nios_Custom_Instruction\NiosInst\synthesis --family="MAX 10" --part=10M50DAF484C6GES
Progress: Loading Nios_Custom_Instruction/NiosInst.qsys
Progress: Reading input file
Progress: Adding DEBUG [altera_avalon_jtag_uart 22.1]
Progress: Parameterizing module DEBUG
Progress: Adding MyAnd [MyAnd 1.0]
Progress: Parameterizing module MyAnd
Progress: Adding NiosCustomInstr [altera_nios2_gen2 22.1]
Progress: Parameterizing module NiosCustomInstr
Progress: Adding SRAM [altera_avalon_onchip_memory2 22.1]
Progress: Parameterizing module SRAM
Progress: Adding clk_0 [clock_source 22.1]
Progress: Parameterizing module clk_0
Progress: Building connections
Progress: Parameterizing connections
Progress: Validating
Progress: Done reading input file
Info: NiosInst.DEBUG: JTAG UART IP input clock need to be at least double (2x) the operating frequency of JTAG TCK on board
Info: NiosInst: Generating NiosInst "NiosInst" for QUARTUS_SYNTH
Info: DEBUG: Starting RTL generation for module 'NiosInst_DEBUG'
Info: DEBUG:   Generation command is [exec C:/intelfpga_lite/22.1std/quartus/bin64/perl/bin/perl.exe -I C:/intelfpga_lite/22.1std/quartus/bin64/perl/lib -I C:/intelfpga_lite/22.1std/quartus/sopc_builder/bin/europa -I C:/intelfpga_lite/22.1std/quartus/sopc_builder/bin -I C:/intelfpga_lite/22.1std/quartus/../ip/altera/sopc_builder_ip/common -I C:/intelfpga_lite/22.1std/quartus/../ip/altera/sopc_builder_ip/altera_avalon_jtag_uart -- C:/intelfpga_lite/22.1std/quartus/../ip/altera/sopc_builder_ip/altera_avalon_jtag_uart/generate_rtl.pl --name=NiosInst_DEBUG --dir=C:/Users/ailen/AppData/Local/Temp/alt9473_2712624937161202548.dir/0003_DEBUG_gen/ --quartus_dir=C:/intelfpga_lite/22.1std/quartus --verilog --config=C:/Users/ailen/AppData/Local/Temp/alt9473_2712624937161202548.dir/0003_DEBUG_gen//NiosInst_DEBUG_component_configuration.pl  --do_build_sim=0  ]
Info: DEBUG: Done RTL generation for module 'NiosInst_DEBUG'
Info: DEBUG: "NiosInst" instantiated altera_avalon_jtag_uart "DEBUG"
Info: MyAnd: "NiosInst" instantiated MyAnd "MyAnd"
Info: NiosCustomInstr: "NiosInst" instantiated altera_nios2_gen2 "NiosCustomInstr"
Info: SRAM: Starting RTL generation for module 'NiosInst_SRAM'
Info: SRAM:   Generation command is [exec C:/intelfpga_lite/22.1std/quartus/bin64/perl/bin/perl.exe -I C:/intelfpga_lite/22.1std/quartus/bin64/perl/lib -I C:/intelfpga_lite/22.1std/quartus/sopc_builder/bin/europa -I C:/intelfpga_lite/22.1std/quartus/sopc_builder/bin -I C:/intelfpga_lite/22.1std/quartus/../ip/altera/sopc_builder_ip/common -I C:/intelfpga_lite/22.1std/quartus/../ip/altera/sopc_builder_ip/altera_avalon_onchip_memory2 -- C:/intelfpga_lite/22.1std/quartus/../ip/altera/sopc_builder_ip/altera_avalon_onchip_memory2/generate_rtl.pl --name=NiosInst_SRAM --dir=C:/Users/ailen/AppData/Local/Temp/alt9473_2712624937161202548.dir/0005_SRAM_gen/ --quartus_dir=C:/intelfpga_lite/22.1std/quartus --verilog --config=C:/Users/ailen/AppData/Local/Temp/alt9473_2712624937161202548.dir/0005_SRAM_gen//NiosInst_SRAM_component_configuration.pl  --do_build_sim=0  ]
Info: SRAM: Done RTL generation for module 'NiosInst_SRAM'
Info: SRAM: "NiosInst" instantiated altera_avalon_onchip_memory2 "SRAM"
Info: NiosCustomInstr_custom_instruction_master_translator: "NiosInst" instantiated altera_customins_master_translator "NiosCustomInstr_custom_instruction_master_translator"
Info: NiosCustomInstr_custom_instruction_master_comb_xconnect: "NiosInst" instantiated altera_customins_xconnect "NiosCustomInstr_custom_instruction_master_comb_xconnect"
Info: NiosCustomInstr_custom_instruction_master_comb_slave_translator0: "NiosInst" instantiated altera_customins_slave_translator "NiosCustomInstr_custom_instruction_master_comb_slave_translator0"
Info: avalon_st_adapter: Inserting error_adapter: error_adapter_0
Info: avalon_st_adapter_001: Inserting error_adapter: error_adapter_0
Info: avalon_st_adapter_002: Inserting error_adapter: error_adapter_0
Info: mm_interconnect_0: "NiosInst" instantiated altera_mm_interconnect "mm_interconnect_0"
Info: irq_mapper: "NiosInst" instantiated altera_irq_mapper "irq_mapper"
Info: rst_controller: "NiosInst" instantiated altera_reset_controller "rst_controller"
Info: cpu: Starting RTL generation for module 'NiosInst_NiosCustomInstr_cpu'
Info: cpu:   Generation command is [exec C:/intelFPGA_lite/22.1std/quartus/bin64//perl/bin/perl.exe -I C:/intelFPGA_lite/22.1std/quartus/bin64//perl/lib -I C:/intelfpga_lite/22.1std/quartus/sopc_builder/bin/europa -I C:/intelfpga_lite/22.1std/quartus/sopc_builder/bin -I C:/intelfpga_lite/22.1std/quartus/../ip/altera/nios2_ip/altera_nios2_gen2/cpu_lib -I C:/intelfpga_lite/22.1std/quartus/../ip/altera/nios2_ip/altera_nios2_gen2/nios_lib -I C:/intelfpga_lite/22.1std/quartus/../ip/altera/nios2_ip/altera_nios2_gen2 -I C:/intelfpga_lite/22.1std/quartus/../ip/altera/nios2_ip/altera_nios2_gen2 -- C:/intelfpga_lite/22.1std/quartus/../ip/altera/nios2_ip/altera_nios2_gen2/generate_rtl.pl --name=NiosInst_NiosCustomInstr_cpu --dir=C:/Users/ailen/AppData/Local/Temp/alt9473_2712624937161202548.dir/0011_cpu_gen/ --quartus_bindir=C:/intelFPGA_lite/22.1std/quartus/bin64/ --verilog --config=C:/Users/ailen/AppData/Local/Temp/alt9473_2712624937161202548.dir/0011_cpu_gen//NiosInst_NiosCustomInstr_cpu_processor_configuration.pl  --do_build_sim=0  ]
Info: cpu: # 2023.04.26 13:17:37 (*) Starting Nios II generation
Info: cpu: # 2023.04.26 13:17:37 (*)   Elaborating CPU configuration settings
Info: cpu: # 2023.04.26 13:17:37 (*)   Creating all objects for CPU
Info: cpu: # 2023.04.26 13:17:37 (*)     Testbench
Info: cpu: # 2023.04.26 13:17:37 (*)     Instruction decoding
Info: cpu: # 2023.04.26 13:17:37 (*)       Instruction fields
Info: cpu: # 2023.04.26 13:17:37 (*)       Instruction decodes
Info: cpu: # 2023.04.26 13:17:38 (*)       Signals for RTL simulation waveforms
Info: cpu: # 2023.04.26 13:17:38 (*)       Instruction controls
Info: cpu: # 2023.04.26 13:17:38 (*)     Pipeline frontend
Info: cpu: # 2023.04.26 13:17:38 (*)     Pipeline backend
Info: cpu: # 2023.04.26 13:17:39 (*)   Generating RTL from CPU objects
Info: cpu: # 2023.04.26 13:17:39 (*)   Creating plain-text RTL
Info: cpu: # 2023.04.26 13:17:40 (*) Done Nios II generation
Info: cpu: Done RTL generation for module 'NiosInst_NiosCustomInstr_cpu'
Info: cpu: "NiosCustomInstr" instantiated altera_nios2_gen2_unit "cpu"
Info: NiosCustomInstr_data_master_translator: "mm_interconnect_0" instantiated altera_merlin_master_translator "NiosCustomInstr_data_master_translator"
Info: DEBUG_avalon_jtag_slave_translator: "mm_interconnect_0" instantiated altera_merlin_slave_translator "DEBUG_avalon_jtag_slave_translator"
Info: NiosCustomInstr_data_master_agent: "mm_interconnect_0" instantiated altera_merlin_master_agent "NiosCustomInstr_data_master_agent"
Info: DEBUG_avalon_jtag_slave_agent: "mm_interconnect_0" instantiated altera_merlin_slave_agent "DEBUG_avalon_jtag_slave_agent"
Info: DEBUG_avalon_jtag_slave_agent_rsp_fifo: "mm_interconnect_0" instantiated altera_avalon_sc_fifo "DEBUG_avalon_jtag_slave_agent_rsp_fifo"
Info: router: "mm_interconnect_0" instantiated altera_merlin_router "router"
Info: router_001: "mm_interconnect_0" instantiated altera_merlin_router "router_001"
Info: router_002: "mm_interconnect_0" instantiated altera_merlin_router "router_002"
Info: router_003: "mm_interconnect_0" instantiated altera_merlin_router "router_003"
Info: NiosCustomInstr_data_master_limiter: "mm_interconnect_0" instantiated altera_merlin_traffic_limiter "NiosCustomInstr_data_master_limiter"
Info: Reusing file C:/Users/ailen/Desktop/licenta/Nios_Custom_Instruction/NiosInst/synthesis/submodules/altera_avalon_sc_fifo.v
Info: cmd_demux: "mm_interconnect_0" instantiated altera_merlin_demultiplexer "cmd_demux"
Info: cmd_demux_001: "mm_interconnect_0" instantiated altera_merlin_demultiplexer "cmd_demux_001"
Info: cmd_mux: "mm_interconnect_0" instantiated altera_merlin_multiplexer "cmd_mux"
Info: cmd_mux_001: "mm_interconnect_0" instantiated altera_merlin_multiplexer "cmd_mux_001"
Info: Reusing file C:/Users/ailen/Desktop/licenta/Nios_Custom_Instruction/NiosInst/synthesis/submodules/altera_merlin_arbitrator.sv
Info: rsp_demux: "mm_interconnect_0" instantiated altera_merlin_demultiplexer "rsp_demux"
Info: rsp_demux_001: "mm_interconnect_0" instantiated altera_merlin_demultiplexer "rsp_demux_001"
Info: rsp_mux: "mm_interconnect_0" instantiated altera_merlin_multiplexer "rsp_mux"
Info: Reusing file C:/Users/ailen/Desktop/licenta/Nios_Custom_Instruction/NiosInst/synthesis/submodules/altera_merlin_arbitrator.sv
Info: rsp_mux_001: "mm_interconnect_0" instantiated altera_merlin_multiplexer "rsp_mux_001"
Info: Reusing file C:/Users/ailen/Desktop/licenta/Nios_Custom_Instruction/NiosInst/synthesis/submodules/altera_merlin_arbitrator.sv
Info: avalon_st_adapter: "mm_interconnect_0" instantiated altera_avalon_st_adapter "avalon_st_adapter"
Info: error_adapter_0: "avalon_st_adapter" instantiated error_adapter "error_adapter_0"
Info: NiosInst: Done "NiosInst" with 32 modules, 53 files
Info: qsys-generate succeeded.
Info: Finished: Create HDL design files for synthesis
