19:02:16 **** Incremental Build of configuration Nios II for project nios_spi ****
wsl make all 
Info: Building /mnt/c/Users/ailen/Desktop/licenta/Nios_SPI/software/nios_spi_bsp/
make --no-print-directory -C /mnt/c/Users/ailen/Desktop/licenta/Nios_SPI/software/nios_spi_bsp/
[BSP build complete]
Info: Compiling hello_world_small.c to obj/default/hello_world_small.o
nios2-elf-gcc.exe -xc -MP -MMD -c -Ic:/Users/ailen/Desktop/licenta/Nios_SPI/software/nios_spi_bsp//HAL/inc -Ic:/Users/ailen/Desktop/licenta/Nios_SPI/software/nios_spi_bsp/ -Ic:/Users/ailen/Desktop/licenta/Nios_SPI/software/nios_spi_bsp//drivers/inc -pipe -D__hal__ -DALT_NO_C_PLUS_PLUS -DALT_NO_CLEAN_EXIT -D'exit(a)=_exit(a)' -DALT_NO_EXIT -DALT_USE_DIRECT_DRIVERS -DALT_NO_INSTRUCTION_EMULATION -DALT_USE_SMALL_DRIVERS -DSMALL_C_LIB -DALT_SINGLE_THREADED    -Os -g -Wall  -mno-hw-div -mno-hw-div -mhw-mul -mno-hw-mulx -mgpopt=global  -o "obj/default/hello_world_small.o" "hello_world_small.c"
hello_world_small.c: In function 'main':
hello_world_small.c:47:63: warning: passing argument 2 of 'alt_up_accelerometer_spi_read_x_axis' from incompatible pointer type [-Wincompatible-pointer-types]
   47 |             if( alt_up_accelerometer_spi_read_x_axis(acc_dev, xx) == 0)
      |                                                               ^~
      |                                                               |
      |                                                               int *
In file included from hello_world_small.c:1:
c:\users\ailen\desktop\licenta\nios_spi\software\nios_spi_bsp\drivers\inc\altera_up_avalon_accelerometer_spi.h:109:91: note: expected 'alt_32 *' {aka 'long int *'} but argument is of type 'int *'
  109 | int alt_up_accelerometer_spi_read_x_axis(alt_up_accelerometer_spi_dev *accel_spi, alt_32 *x_axis);
      |                                                                                   ~~~~~~~~^~~~~~
hello_world_small.c:48:33: warning: format '%i' expects argument of type 'int', but argument 2 has type 'int *' [-Wformat=]
   48 |                 printf("X is : %i\n", xx);
      |                                ~^     ~~
      |                                 |     |
      |                                 int   int *
      |                                %ls
hello_world_small.c:47:13: warning: this 'if' clause does not guard... [-Wmisleading-indentation]
   47 |             if( alt_up_accelerometer_spi_read_x_axis(acc_dev, xx) == 0)
      |             ^~
hello_world_small.c:50:17: note: ...this statement, but the latter is misleadingly indented as if it were guarded by the 'if'
   50 |                 if( alt_up_accelerometer_spi_read_y_axis(acc_dev, yy) == 0)
      |                 ^~
hello_world_small.c:50:67: warning: passing argument 2 of 'alt_up_accelerometer_spi_read_y_axis' from incompatible pointer type [-Wincompatible-pointer-types]
   50 |                 if( alt_up_accelerometer_spi_read_y_axis(acc_dev, yy) == 0)
      |                                                                   ^~
      |                                                                   |
      |                                                                   int *
c:\users\ailen\desktop\licenta\nios_spi\software\nios_spi_bsp\drivers\inc\altera_up_avalon_accelerometer_spi.h:119:91: note: expected 'alt_32 *' {aka 'long int *'} but argument is of type 'int *'
  119 | int alt_up_accelerometer_spi_read_y_axis(alt_up_accelerometer_spi_dev *accel_spi, alt_32 *y_axis);
      |                                                                                   ~~~~~~~~^~~~~~
hello_world_small.c:51:33: warning: format '%i' expects argument of type 'int', but argument 2 has type 'int *' [-Wformat=]
   51 |                 printf("Y is : %i\n", yy);
      |                                ~^     ~~
      |                                 |     |
      |                                 int   int *
      |                                %ls
hello_world_small.c:53:67: warning: passing argument 2 of 'alt_up_accelerometer_spi_read_z_axis' from incompatible pointer type [-Wincompatible-pointer-types]
   53 |                 if( alt_up_accelerometer_spi_read_z_axis(acc_dev, zz) == 0)
      |                                                                   ^~
      |                                                                   |
      |                                                                   int *
c:\users\ailen\desktop\licenta\nios_spi\software\nios_spi_bsp\drivers\inc\altera_up_avalon_accelerometer_spi.h:129:91: note: expected 'alt_32 *' {aka 'long int *'} but argument is of type 'int *'
  129 | int alt_up_accelerometer_spi_read_z_axis(alt_up_accelerometer_spi_dev *accel_spi, alt_32 *z_axis);
      |                                                                                   ~~~~~~~~^~~~~~
hello_world_small.c:54:33: warning: format '%i' expects argument of type 'int', but argument 2 has type 'int *' [-Wformat=]
   54 |                 printf("Z is : %i\n", zz);
      |                                ~^     ~~
      |                                 |     |
      |                                 int   int *
      |                                %ls
hello_world_small.c:23:23: warning: unused variable 'loo' [-Wunused-variable]
   23 |         int foo, boo, loo;
      |                       ^~~
hello_world_small.c:23:18: warning: variable 'boo' set but not used [-Wunused-but-set-variable]
   23 |         int foo, boo, loo;
      |                  ^~~
Info: Linking nios_spi.elf
nios2-elf-g++.exe -T'c:/Users/ailen/Desktop/licenta/Nios_SPI/software/nios_spi_bsp//linker.x' -msys-crt0='c:/Users/ailen/Desktop/licenta/Nios_SPI/software/nios_spi_bsp//obj/HAL/src/crt0.o' -msys-lib=hal_bsp -Lc:/Users/ailen/Desktop/licenta/Nios_SPI/software/nios_spi_bsp/ -msmallc  -Wl,-Map=nios_spi.map   -Os -g -Wall  -mno-hw-div -mno-hw-div -mhw-mul -mno-hw-mulx -mgpopt=global  -o nios_spi.elf obj/default/hello_world_small.o -lm -msys-lib=m
nios2-elf-insert.exe nios_spi.elf --thread_model hal --cpu_name nios2_gen2_0 --qsys true --simulation_enabled false --stderr_dev jtag_uart_0 --stdin_dev jtag_uart_0 --stdout_dev jtag_uart_0 --sopc_system_name acc_spi --quartus_project_dir "c:/Users/ailen/Desktop/licenta/Nios_SPI" --jdi ../..//output_files/niosspi.jdi --sopcinfo C:/Users/ailen/Desktop/licenta/Nios_SPI/acc_spi.sopcinfo
Info: (nios_spi.elf) 5820 Bytes program size (code + initialized data).
Info:                33 KBytes free for stack + heap.
Info: Creating nios_spi.objdump
nios2-elf-objdump.exe --disassemble --syms --all-header --source nios_spi.elf >nios_spi.objdump
[nios_spi build complete]
19:02:33 **** Build of configuration Nios II for project nios_spi ****
wsl make all 
Info: Building /mnt/c/Users/ailen/Desktop/licenta/Nios_SPI/software/nios_spi_bsp/
make --no-print-directory -C /mnt/c/Users/ailen/Desktop/licenta/Nios_SPI/software/nios_spi_bsp/
[BSP build complete]
[nios_spi build complete]
19:02:34 **** Incremental Build of configuration Nios II for project nios_spi ****
wsl make all 
Info: Building /mnt/c/Users/ailen/Desktop/licenta/Nios_SPI/software/nios_spi_bsp/
make --no-print-directory -C /mnt/c/Users/ailen/Desktop/licenta/Nios_SPI/software/nios_spi_bsp/
[BSP build complete]
[nios_spi build complete]
