Flow report for lab_verilog
Thu Jun 15 14:30:16 2023
Quartus Prime Version 22.1std.0 Build 915 10/25/2022 SC Lite Edition


---------------------
; Table of Contents ;
---------------------
  1. Legal Notice
  2. Flow Summary
  3. Flow Settings
  4. Flow Non-Default Global Settings
  5. Flow Elapsed Time
  6. Flow OS Summary
  7. Flow Log
  8. Flow Messages
  9. Flow Suppressed Messages



----------------
; Legal Notice ;
----------------
Copyright (C) 2022  Intel Corporation. All rights reserved.
Your use of Intel Corporation's design tools, logic functions 
and other software and tools, and any partner logic 
functions, and any output files from any of the foregoing 
(including device programming or simulation files), and any 
associated documentation or information are expressly subject 
to the terms and conditions of the Intel Program License 
Subscription Agreement, the Intel Quartus Prime License Agreement,
the Intel FPGA IP License Agreement, or other applicable license
agreement, including, without limitation, that your use is for
the sole purpose of programming logic devices manufactured by
Intel and sold by Intel or its authorized distributors.  Please
refer to the applicable agreement for further details, at
https://fpgasoftware.intel.com/eula.



+-------------------------------------------------------------------------------------+
; Flow Summary                                                                        ;
+------------------------------------+------------------------------------------------+
; Flow Status                        ; Successful - Thu Jun 15 14:30:12 2023          ;
; Quartus Prime Version              ; 22.1std.0 Build 915 10/25/2022 SC Lite Edition ;
; Revision Name                      ; lab_verilog                                    ;
; Top-level Entity Name              ; DE10_LITE_Golden_Top                           ;
; Family                             ; MAX 10                                         ;
; Device                             ; 10M50DAF484C6GES                               ;
; Timing Models                      ; Preliminary                                    ;
; Total logic elements               ; 85 / 49,760 ( < 1 % )                          ;
;     Total combinational functions  ; 85 / 49,760 ( < 1 % )                          ;
;     Dedicated logic registers      ; 46 / 49,760 ( < 1 % )                          ;
; Total registers                    ; 46                                             ;
; Total pins                         ; 185 / 360 ( 51 % )                             ;
; Total virtual pins                 ; 0                                              ;
; Total memory bits                  ; 0 / 1,677,312 ( 0 % )                          ;
; Embedded Multiplier 9-bit elements ; 0 / 288 ( 0 % )                                ;
; Total PLLs                         ; 0 / 4 ( 0 % )                                  ;
; UFM blocks                         ; 0 / 1 ( 0 % )                                  ;
; ADC blocks                         ; 0 / 2 ( 0 % )                                  ;
+------------------------------------+------------------------------------------------+


+-----------------------------------------+
; Flow Settings                           ;
+-------------------+---------------------+
; Option            ; Setting             ;
+-------------------+---------------------+
; Start date & time ; 06/15/2023 14:29:47 ;
; Main task         ; Compilation         ;
; Revision Name     ; lab_verilog         ;
+-------------------+---------------------+


+----------------------------------------------------------------------------------------------------------------------------------+
; Flow Non-Default Global Settings                                                                                                 ;
+-------------------------------------+----------------------------------------+---------------+----------------------+------------+
; Assignment Name                     ; Value                                  ; Default Value ; Entity Name          ; Section Id ;
+-------------------------------------+----------------------------------------+---------------+----------------------+------------+
; COMPILER_SIGNATURE_ID               ; 24062491136.168682858617076            ; --            ; --                   ; --         ;
; MAX_CORE_JUNCTION_TEMP              ; 85                                     ; --            ; --                   ; --         ;
; MIN_CORE_JUNCTION_TEMP              ; 0                                      ; --            ; --                   ; --         ;
; PARTITION_COLOR                     ; -- (Not supported for targeted family) ; --            ; DE10_LITE_Golden_Top ; Top        ;
; PARTITION_FITTER_PRESERVATION_LEVEL ; -- (Not supported for targeted family) ; --            ; DE10_LITE_Golden_Top ; Top        ;
; PARTITION_NETLIST_TYPE              ; -- (Not supported for targeted family) ; --            ; DE10_LITE_Golden_Top ; Top        ;
; POWER_BOARD_THERMAL_MODEL           ; None (CONSERVATIVE)                    ; --            ; --                   ; --         ;
; POWER_PRESET_COOLING_SOLUTION       ; 23 MM HEAT SINK WITH 200 LFPM AIRFLOW  ; --            ; --                   ; --         ;
; PROJECT_OUTPUT_DIRECTORY            ; output_files                           ; --            ; --                   ; --         ;
; TOP_LEVEL_ENTITY                    ; DE10_LITE_Golden_Top                   ; lab_verilog   ; --                   ; --         ;
+-------------------------------------+----------------------------------------+---------------+----------------------+------------+


+--------------------------------------------------------------------------------------------------------------------------+
; Flow Elapsed Time                                                                                                        ;
+----------------------+--------------+-------------------------+---------------------+------------------------------------+
; Module Name          ; Elapsed Time ; Average Processors Used ; Peak Virtual Memory ; Total CPU Time (on all processors) ;
+----------------------+--------------+-------------------------+---------------------+------------------------------------+
; Analysis & Synthesis ; 00:00:10     ; 1.0                     ; 4771 MB             ; 00:00:24                           ;
; Fitter               ; 00:00:11     ; 1.0                     ; 5645 MB             ; 00:00:15                           ;
; Assembler            ; 00:00:03     ; 1.0                     ; 4727 MB             ; 00:00:03                           ;
; Timing Analyzer      ; 00:00:03     ; 1.0                     ; 4846 MB             ; 00:00:03                           ;
; Total                ; 00:00:27     ; --                      ; --                  ; 00:00:45                           ;
+----------------------+--------------+-------------------------+---------------------+------------------------------------+


+------------------------------------------------------------------------------------+
; Flow OS Summary                                                                    ;
+----------------------+------------------+------------+------------+----------------+
; Module Name          ; Machine Hostname ; OS Name    ; OS Version ; Processor type ;
+----------------------+------------------+------------+------------+----------------+
; Analysis & Synthesis ; DESKTOP-TDRP5HG  ; Windows 10 ; 10.0       ; x86_64         ;
; Fitter               ; DESKTOP-TDRP5HG  ; Windows 10 ; 10.0       ; x86_64         ;
; Assembler            ; DESKTOP-TDRP5HG  ; Windows 10 ; 10.0       ; x86_64         ;
; Timing Analyzer      ; DESKTOP-TDRP5HG  ; Windows 10 ; 10.0       ; x86_64         ;
+----------------------+------------------+------------+------------+----------------+


------------
; Flow Log ;
------------
quartus_map --read_settings_files=on --write_settings_files=off lab_verilog -c lab_verilog
quartus_fit --read_settings_files=off --write_settings_files=off lab_verilog -c lab_verilog
quartus_asm --read_settings_files=off --write_settings_files=off lab_verilog -c lab_verilog
quartus_sta lab_verilog -c lab_verilog



