11:05:28 **** Incremental Build of configuration Nios II for project NiosCustomIP2 ****
wsl make all 
Info: Building /mnt/c/Users/ailen/Desktop/licenta/Nios_Custom_Peripheral_2/software/NiosCustomIP2_bsp/
make --no-print-directory -C /mnt/c/Users/ailen/Desktop/licenta/Nios_Custom_Peripheral_2/software/NiosCustomIP2_bsp/
[BSP build complete]
Info: Compiling hello_world_small.c to obj/default/hello_world_small.o
nios2-elf-gcc.exe -xc -MP -MMD -c -Ic:/Users/ailen/Desktop/licenta/Nios_Custom_Peripheral_2/software/NiosCustomIP2_bsp//HAL/inc -Ic:/Users/ailen/Desktop/licenta/Nios_Custom_Peripheral_2/software/NiosCustomIP2_bsp/ -Ic:/Users/ailen/Desktop/licenta/Nios_Custom_Peripheral_2/software/NiosCustomIP2_bsp//drivers/inc -pipe -D__hal__ -DALT_NO_C_PLUS_PLUS -DALT_NO_CLEAN_EXIT -D'exit(a)=_exit(a)' -DALT_NO_EXIT -DALT_USE_DIRECT_DRIVERS -DALT_NO_INSTRUCTION_EMULATION -DALT_USE_SMALL_DRIVERS -DSMALL_C_LIB -DALT_SINGLE_THREADED    -Os -g -Wall  -mno-hw-div -mno-hw-div -mno-hw-mul -mno-hw-mulx -mgpopt=global  -o "obj/default/hello_world_small.o" "hello_world_small.c"
Info: Linking NiosCustomIP2.elf
nios2-elf-g++.exe -T'c:/Users/ailen/Desktop/licenta/Nios_Custom_Peripheral_2/software/NiosCustomIP2_bsp//linker.x' -msys-crt0='c:/Users/ailen/Desktop/licenta/Nios_Custom_Peripheral_2/software/NiosCustomIP2_bsp//obj/HAL/src/crt0.o' -msys-lib=hal_bsp -Lc:/Users/ailen/Desktop/licenta/Nios_Custom_Peripheral_2/software/NiosCustomIP2_bsp/ -msmallc  -Wl,-Map=NiosCustomIP2.map   -Os -g -Wall  -mno-hw-div -mno-hw-div -mno-hw-mul -mno-hw-mulx -mgpopt=global  -o NiosCustomIP2.elf obj/default/hello_world_small.o -lm -msys-lib=m
nios2-elf-insert.exe NiosCustomIP2.elf --thread_model hal --cpu_name NiosCustomIP2 --qsys true --simulation_enabled false --stderr_dev DEBUG --stdin_dev DEBUG --stdout_dev DEBUG --sopc_system_name Nios_Custom_IP2 --quartus_project_dir "c:/Users/ailen/Desktop/licenta/Nios_Custom_Peripheral_2" --jdi ../..//output_files/Nios_Custom_Peripheral_2_Quartus.jdi --sopcinfo c:/Users/ailen/Desktop/licenta/Nios_Custom_Peripheral_2/Nios_Custom_IP2.sopcinfo
Info: (NiosCustomIP2.elf) 3508 Bytes program size (code + initialized data).
Info:                     36 KBytes free for stack + heap.
Info: Creating NiosCustomIP2.objdump
nios2-elf-objdump.exe --disassemble --syms --all-header --source NiosCustomIP2.elf >NiosCustomIP2.objdump
[NiosCustomIP2 build complete]
11:05:39 **** Build of configuration Nios II for project NiosCustomIP2 ****
wsl make all 
Info: Building /mnt/c/Users/ailen/Desktop/licenta/Nios_Custom_Peripheral_2/software/NiosCustomIP2_bsp/
make --no-print-directory -C /mnt/c/Users/ailen/Desktop/licenta/Nios_Custom_Peripheral_2/software/NiosCustomIP2_bsp/
[BSP build complete]
[NiosCustomIP2 build complete]
11:05:41 **** Incremental Build of configuration Nios II for project NiosCustomIP2 ****
wsl make all 
Info: Building /mnt/c/Users/ailen/Desktop/licenta/Nios_Custom_Peripheral_2/software/NiosCustomIP2_bsp/
make --no-print-directory -C /mnt/c/Users/ailen/Desktop/licenta/Nios_Custom_Peripheral_2/software/NiosCustomIP2_bsp/
[BSP build complete]
[NiosCustomIP2 build complete]
16:59:11 **** Build of configuration Nios II for project NiosCustomIP2 ****
wsl make all 
Info: Building /mnt/c/Users/ailen/Desktop/licenta/Nios_Custom_Peripheral_2/software/NiosCustomIP2_bsp/
make --no-print-directory -C /mnt/c/Users/ailen/Desktop/licenta/Nios_Custom_Peripheral_2/software/NiosCustomIP2_bsp/
[BSP build complete]
[NiosCustomIP2 build complete]
16:59:14 **** Incremental Build of configuration Nios II for project NiosCustomIP2 ****
wsl make all 
Info: Building /mnt/c/Users/ailen/Desktop/licenta/Nios_Custom_Peripheral_2/software/NiosCustomIP2_bsp/
make --no-print-directory -C /mnt/c/Users/ailen/Desktop/licenta/Nios_Custom_Peripheral_2/software/NiosCustomIP2_bsp/
[BSP build complete]
[NiosCustomIP2 build complete]
