14:11:12 **** Incremental Build of configuration Nios II for project i2c_test ****
wsl make all 
Info: Building /mnt/c/Users/ailen/Desktop/licenta/Nios_i2c_accelerometer/software/i2c_test_bsp/
make --no-print-directory -C /mnt/c/Users/ailen/Desktop/licenta/Nios_i2c_accelerometer/software/i2c_test_bsp/
[BSP build complete]
Info: Linking i2c_test.elf
nios2-elf-g++.exe -T'c:/Users/ailen/Desktop/licenta/Nios_i2c_accelerometer/software/i2c_test_bsp//linker.x' -msys-crt0='c:/Users/ailen/Desktop/licenta/Nios_i2c_accelerometer/software/i2c_test_bsp//obj/HAL/src/crt0.o' -msys-lib=hal_bsp -Lc:/Users/ailen/Desktop/licenta/Nios_i2c_accelerometer/software/i2c_test_bsp/   -Wl,-Map=i2c_test.map   -O0 -g -Wall  -mno-hw-div -mno-hw-div -mhw-mul -mno-hw-mulx -mgpopt=global  -o i2c_test.elf obj/default/hello_world.o obj/default/i2c_avalon_mm_if.o -lm -msys-lib=m
nios2-elf-insert.exe i2c_test.elf --thread_model hal --cpu_name cpu --qsys true --simulation_enabled false --stderr_dev jtag_uart_0 --stdin_dev jtag_uart_0 --stdout_dev jtag_uart_0 --sopc_system_name nios_i2c_acc --quartus_project_dir "c:/Users/ailen/Desktop/licenta/Nios_i2c_accelerometer" --jdi ../..//output_files/Nios_accelerometer.jdi --sopcinfo C:/Users/ailen/Desktop/licenta/Nios_i2c_accelerometer/nios_i2c_acc.sopcinfo
Info: (i2c_test.elf) 77 KBytes program size (code + initialized data).
Info:                65 KBytes free for stack + heap.
Info: Creating i2c_test.objdump
nios2-elf-objdump.exe --disassemble --syms --all-header --source i2c_test.elf >i2c_test.objdump
[i2c_test build complete]
14:12:37 **** Build of configuration Nios II for project i2c_test ****
wsl make all 
Info: Building /mnt/c/Users/ailen/Desktop/licenta/Nios_i2c_accelerometer/software/i2c_test_bsp/
make --no-print-directory -C /mnt/c/Users/ailen/Desktop/licenta/Nios_i2c_accelerometer/software/i2c_test_bsp/
[BSP build complete]
[i2c_test build complete]
14:12:39 **** Incremental Build of configuration Nios II for project i2c_test ****
wsl make all 
Info: Building /mnt/c/Users/ailen/Desktop/licenta/Nios_i2c_accelerometer/software/i2c_test_bsp/
make --no-print-directory -C /mnt/c/Users/ailen/Desktop/licenta/Nios_i2c_accelerometer/software/i2c_test_bsp/
[BSP build complete]
[i2c_test build complete]
14:44:44 **** Build of configuration Nios II for project i2c_test ****
wsl make all 
Info: Building /mnt/c/Users/ailen/Desktop/licenta/Nios_i2c_accelerometer/software/i2c_test_bsp/
make --no-print-directory -C /mnt/c/Users/ailen/Desktop/licenta/Nios_i2c_accelerometer/software/i2c_test_bsp/
[BSP build complete]
Info: Compiling hello_world.c to obj/default/hello_world.o
nios2-elf-gcc.exe -xc -MP -MMD -c -Ic:/Users/ailen/Desktop/licenta/Nios_i2c_accelerometer/software/i2c_test_bsp//HAL/inc -Ic:/Users/ailen/Desktop/licenta/Nios_i2c_accelerometer/software/i2c_test_bsp/ -Ic:/Users/ailen/Desktop/licenta/Nios_i2c_accelerometer/software/i2c_test_bsp//drivers/inc -pipe -D__hal__ -DALT_NO_INSTRUCTION_EMULATION -DALT_SINGLE_THREADED    -O0 -g -Wall  -mno-hw-div -mno-hw-div -mhw-mul -mno-hw-mulx -mgpopt=global  -o "obj/default/hello_world.o" "hello_world.c"
hello_world.c: In function 'read_acceleration_data':
hello_world.c:199:12: warning: unused variable 'no_bytes' [-Wunused-variable]
  199 |     alt_u8 no_bytes =6;
      |            ^~~~~~~~
hello_world.c: In function 'timer_isr':
hello_world.c:294:20: warning: implicit declaration of function 'abs' [-Wimplicit-function-declaration]
  294 |          if (pwm < abs(level)) {
      |                    ^~~
hello_world.c:9:1: note: include '<stdlib.h>' or provide a declaration of 'abs'
    8 | #include <altera_avalon_timer_regs.h>
  +++ |+#include <stdlib.h>
    9 | 
hello_world.c:297:21: warning: implicit declaration of function 'led_write' [-Wimplicit-function-declaration]
  297 |                     led_write(led << 1);
      |                     ^~~~~~~~~
hello_world.c: At top level:
hello_world.c:327:6: warning: conflicting types for 'led_write'; have 'void(alt_u8)' {aka 'void(unsigned char)'}
  327 | void led_write(alt_u8 led_pattern) {
      |      ^~~~~~~~~
hello_world.c:297:21: note: previous implicit declaration of 'led_write' with type 'void(alt_u8)' {aka 'void(unsigned char)'}
  297 |                     led_write(led << 1);
      |                     ^~~~~~~~~
Info: Linking i2c_test.elf
nios2-elf-g++.exe -T'c:/Users/ailen/Desktop/licenta/Nios_i2c_accelerometer/software/i2c_test_bsp//linker.x' -msys-crt0='c:/Users/ailen/Desktop/licenta/Nios_i2c_accelerometer/software/i2c_test_bsp//obj/HAL/src/crt0.o' -msys-lib=hal_bsp -Lc:/Users/ailen/Desktop/licenta/Nios_i2c_accelerometer/software/i2c_test_bsp/   -Wl,-Map=i2c_test.map   -O0 -g -Wall  -mno-hw-div -mno-hw-div -mhw-mul -mno-hw-mulx -mgpopt=global  -o i2c_test.elf obj/default/hello_world.o obj/default/i2c_avalon_mm_if.o -lm -msys-lib=m
nios2-elf-insert.exe i2c_test.elf --thread_model hal --cpu_name cpu --qsys true --simulation_enabled false --stderr_dev jtag_uart_0 --stdin_dev jtag_uart_0 --stdout_dev jtag_uart_0 --sopc_system_name nios_i2c_acc --quartus_project_dir "c:/Users/ailen/Desktop/licenta/Nios_i2c_accelerometer" --jdi ../..//output_files/Nios_accelerometer.jdi --sopcinfo C:/Users/ailen/Desktop/licenta/Nios_i2c_accelerometer/nios_i2c_acc.sopcinfo
Info: (i2c_test.elf) 78 KBytes program size (code + initialized data).
Info:                64 KBytes free for stack + heap.
Info: Creating i2c_test.objdump
nios2-elf-objdump.exe --disassemble --syms --all-header --source i2c_test.elf >i2c_test.objdump
[i2c_test build complete]
14:44:47 **** Incremental Build of configuration Nios II for project i2c_test ****
wsl make all 
Info: Building /mnt/c/Users/ailen/Desktop/licenta/Nios_i2c_accelerometer/software/i2c_test_bsp/
make --no-print-directory -C /mnt/c/Users/ailen/Desktop/licenta/Nios_i2c_accelerometer/software/i2c_test_bsp/
[BSP build complete]
[i2c_test build complete]
14:45:26 **** Build of configuration Nios II for project i2c_test ****
wsl make all 
Info: Building /mnt/c/Users/ailen/Desktop/licenta/Nios_i2c_accelerometer/software/i2c_test_bsp/
make --no-print-directory -C /mnt/c/Users/ailen/Desktop/licenta/Nios_i2c_accelerometer/software/i2c_test_bsp/
[BSP build complete]
Info: Compiling hello_world.c to obj/default/hello_world.o
nios2-elf-gcc.exe -xc -MP -MMD -c -Ic:/Users/ailen/Desktop/licenta/Nios_i2c_accelerometer/software/i2c_test_bsp//HAL/inc -Ic:/Users/ailen/Desktop/licenta/Nios_i2c_accelerometer/software/i2c_test_bsp/ -Ic:/Users/ailen/Desktop/licenta/Nios_i2c_accelerometer/software/i2c_test_bsp//drivers/inc -pipe -D__hal__ -DALT_NO_INSTRUCTION_EMULATION -DALT_SINGLE_THREADED    -O0 -g -Wall  -mno-hw-div -mno-hw-div -mhw-mul -mno-hw-mulx -mgpopt=global  -o "obj/default/hello_world.o" "hello_world.c"
hello_world.c: In function 'read_acceleration_data':
hello_world.c:199:12: warning: unused variable 'no_bytes' [-Wunused-variable]
  199 |     alt_u8 no_bytes =6;
      |            ^~~~~~~~
hello_world.c: In function 'timer_isr':
hello_world.c:294:20: warning: implicit declaration of function 'abs' [-Wimplicit-function-declaration]
  294 |          if (pwm < abs(level)) {
      |                    ^~~
hello_world.c:9:1: note: include '<stdlib.h>' or provide a declaration of 'abs'
    8 | #include <altera_avalon_timer_regs.h>
  +++ |+#include <stdlib.h>
    9 | 
hello_world.c:297:21: warning: implicit declaration of function 'led_write' [-Wimplicit-function-declaration]
  297 |                     led_write(led << 1);
      |                     ^~~~~~~~~
hello_world.c: At top level:
hello_world.c:327:6: warning: conflicting types for 'led_write'; have 'void(alt_u8)' {aka 'void(unsigned char)'}
  327 | void led_write(alt_u8 led_pattern) {
      |      ^~~~~~~~~
hello_world.c:297:21: note: previous implicit declaration of 'led_write' with type 'void(alt_u8)' {aka 'void(unsigned char)'}
  297 |                     led_write(led << 1);
      |                     ^~~~~~~~~
Info: Linking i2c_test.elf
nios2-elf-g++.exe -T'c:/Users/ailen/Desktop/licenta/Nios_i2c_accelerometer/software/i2c_test_bsp//linker.x' -msys-crt0='c:/Users/ailen/Desktop/licenta/Nios_i2c_accelerometer/software/i2c_test_bsp//obj/HAL/src/crt0.o' -msys-lib=hal_bsp -Lc:/Users/ailen/Desktop/licenta/Nios_i2c_accelerometer/software/i2c_test_bsp/   -Wl,-Map=i2c_test.map   -O0 -g -Wall  -mno-hw-div -mno-hw-div -mhw-mul -mno-hw-mulx -mgpopt=global  -o i2c_test.elf obj/default/hello_world.o obj/default/i2c_avalon_mm_if.o -lm -msys-lib=m
nios2-elf-insert.exe i2c_test.elf --thread_model hal --cpu_name cpu --qsys true --simulation_enabled false --stderr_dev jtag_uart_0 --stdin_dev jtag_uart_0 --stdout_dev jtag_uart_0 --sopc_system_name nios_i2c_acc --quartus_project_dir "c:/Users/ailen/Desktop/licenta/Nios_i2c_accelerometer" --jdi ../..//output_files/Nios_accelerometer.jdi --sopcinfo C:/Users/ailen/Desktop/licenta/Nios_i2c_accelerometer/nios_i2c_acc.sopcinfo
Info: (i2c_test.elf) 77 KBytes program size (code + initialized data).
Info:                65 KBytes free for stack + heap.
Info: Creating i2c_test.objdump
nios2-elf-objdump.exe --disassemble --syms --all-header --source i2c_test.elf >i2c_test.objdump
[i2c_test build complete]
14:45:29 **** Incremental Build of configuration Nios II for project i2c_test ****
wsl make all 
Info: Building /mnt/c/Users/ailen/Desktop/licenta/Nios_i2c_accelerometer/software/i2c_test_bsp/
make --no-print-directory -C /mnt/c/Users/ailen/Desktop/licenta/Nios_i2c_accelerometer/software/i2c_test_bsp/
[BSP build complete]
[i2c_test build complete]
14:45:55 **** Build of configuration Nios II for project i2c_test ****
wsl make all 
Info: Building /mnt/c/Users/ailen/Desktop/licenta/Nios_i2c_accelerometer/software/i2c_test_bsp/
make --no-print-directory -C /mnt/c/Users/ailen/Desktop/licenta/Nios_i2c_accelerometer/software/i2c_test_bsp/
[BSP build complete]
Info: Compiling hello_world.c to obj/default/hello_world.o
nios2-elf-gcc.exe -xc -MP -MMD -c -Ic:/Users/ailen/Desktop/licenta/Nios_i2c_accelerometer/software/i2c_test_bsp//HAL/inc -Ic:/Users/ailen/Desktop/licenta/Nios_i2c_accelerometer/software/i2c_test_bsp/ -Ic:/Users/ailen/Desktop/licenta/Nios_i2c_accelerometer/software/i2c_test_bsp//drivers/inc -pipe -D__hal__ -DALT_NO_INSTRUCTION_EMULATION -DALT_SINGLE_THREADED    -O0 -g -Wall  -mno-hw-div -mno-hw-div -mhw-mul -mno-hw-mulx -mgpopt=global  -o "obj/default/hello_world.o" "hello_world.c"
hello_world.c: In function 'read_acceleration_data':
hello_world.c:199:12: warning: unused variable 'no_bytes' [-Wunused-variable]
  199 |     alt_u8 no_bytes =6;
      |            ^~~~~~~~
hello_world.c: In function 'timer_isr':
hello_world.c:294:20: warning: implicit declaration of function 'abs' [-Wimplicit-function-declaration]
  294 |          if (pwm < abs(level)) {
      |                    ^~~
hello_world.c:9:1: note: include '<stdlib.h>' or provide a declaration of 'abs'
    8 | #include <altera_avalon_timer_regs.h>
  +++ |+#include <stdlib.h>
    9 | 
hello_world.c:297:21: warning: implicit declaration of function 'led_write' [-Wimplicit-function-declaration]
  297 |                     led_write(led << 1);
      |                     ^~~~~~~~~
hello_world.c:286:20: warning: unused variable 'count' [-Wunused-variable]
  286 |         static int count = 0;
      |                    ^~~~~
hello_world.c: At top level:
hello_world.c:327:6: warning: conflicting types for 'led_write'; have 'void(alt_u8)' {aka 'void(unsigned char)'}
  327 | void led_write(alt_u8 led_pattern) {
      |      ^~~~~~~~~
hello_world.c:297:21: note: previous implicit declaration of 'led_write' with type 'void(alt_u8)' {aka 'void(unsigned char)'}
  297 |                     led_write(led << 1);
      |                     ^~~~~~~~~
hello_world.c:286:20: warning: 'count' defined but not used [-Wunused-variable]
  286 |         static int count = 0;
      |                    ^~~~~
Info: Linking i2c_test.elf
nios2-elf-g++.exe -T'c:/Users/ailen/Desktop/licenta/Nios_i2c_accelerometer/software/i2c_test_bsp//linker.x' -msys-crt0='c:/Users/ailen/Desktop/licenta/Nios_i2c_accelerometer/software/i2c_test_bsp//obj/HAL/src/crt0.o' -msys-lib=hal_bsp -Lc:/Users/ailen/Desktop/licenta/Nios_i2c_accelerometer/software/i2c_test_bsp/   -Wl,-Map=i2c_test.map   -O0 -g -Wall  -mno-hw-div -mno-hw-div -mhw-mul -mno-hw-mulx -mgpopt=global  -o i2c_test.elf obj/default/hello_world.o obj/default/i2c_avalon_mm_if.o -lm -msys-lib=m
nios2-elf-insert.exe i2c_test.elf --thread_model hal --cpu_name cpu --qsys true --simulation_enabled false --stderr_dev jtag_uart_0 --stdin_dev jtag_uart_0 --stdout_dev jtag_uart_0 --sopc_system_name nios_i2c_acc --quartus_project_dir "c:/Users/ailen/Desktop/licenta/Nios_i2c_accelerometer" --jdi ../..//output_files/Nios_accelerometer.jdi --sopcinfo C:/Users/ailen/Desktop/licenta/Nios_i2c_accelerometer/nios_i2c_acc.sopcinfo
Info: (i2c_test.elf) 77 KBytes program size (code + initialized data).
Info:                65 KBytes free for stack + heap.
Info: Creating i2c_test.objdump
nios2-elf-objdump.exe --disassemble --syms --all-header --source i2c_test.elf >i2c_test.objdump
[i2c_test build complete]
14:45:58 **** Incremental Build of configuration Nios II for project i2c_test ****
wsl make all 
Info: Building /mnt/c/Users/ailen/Desktop/licenta/Nios_i2c_accelerometer/software/i2c_test_bsp/
make --no-print-directory -C /mnt/c/Users/ailen/Desktop/licenta/Nios_i2c_accelerometer/software/i2c_test_bsp/
[BSP build complete]
[i2c_test build complete]
15:03:58 **** Build of configuration Nios II for project i2c_test ****
wsl make all 
Info: Building /mnt/c/Users/ailen/Desktop/licenta/Nios_i2c_accelerometer/software/i2c_test_bsp/
make --no-print-directory -C /mnt/c/Users/ailen/Desktop/licenta/Nios_i2c_accelerometer/software/i2c_test_bsp/
[BSP build complete]
Info: Compiling hello_world.c to obj/default/hello_world.o
nios2-elf-gcc.exe -xc -MP -MMD -c -Ic:/Users/ailen/Desktop/licenta/Nios_i2c_accelerometer/software/i2c_test_bsp//HAL/inc -Ic:/Users/ailen/Desktop/licenta/Nios_i2c_accelerometer/software/i2c_test_bsp/ -Ic:/Users/ailen/Desktop/licenta/Nios_i2c_accelerometer/software/i2c_test_bsp//drivers/inc -pipe -D__hal__ -DALT_NO_INSTRUCTION_EMULATION -DALT_SINGLE_THREADED    -O0 -g -Wall  -mno-hw-div -mno-hw-div -mhw-mul -mno-hw-mulx -mgpopt=global  -o "obj/default/hello_world.o" "hello_world.c"
hello_world.c: In function 'read_acceleration_data':
hello_world.c:199:12: warning: unused variable 'no_bytes' [-Wunused-variable]
  199 |     alt_u8 no_bytes =6;
      |            ^~~~~~~~
hello_world.c: In function 'timer_isr':
hello_world.c:294:20: warning: implicit declaration of function 'abs' [-Wimplicit-function-declaration]
  294 |          if (pwm < abs(level)) {
      |                    ^~~
hello_world.c:9:1: note: include '<stdlib.h>' or provide a declaration of 'abs'
    8 | #include <altera_avalon_timer_regs.h>
  +++ |+#include <stdlib.h>
    9 | 
hello_world.c:297:21: warning: implicit declaration of function 'led_write' [-Wimplicit-function-declaration]
  297 |                     led_write(led << 1);
      |                     ^~~~~~~~~
hello_world.c:286:20: warning: unused variable 'count' [-Wunused-variable]
  286 |         static int count = 0;
      |                    ^~~~~
hello_world.c: At top level:
hello_world.c:327:6: warning: conflicting types for 'led_write'; have 'void(alt_u8)' {aka 'void(unsigned char)'}
  327 | void led_write(alt_u8 led_pattern) {
      |      ^~~~~~~~~
hello_world.c:297:21: note: previous implicit declaration of 'led_write' with type 'void(alt_u8)' {aka 'void(unsigned char)'}
  297 |                     led_write(led << 1);
      |                     ^~~~~~~~~
hello_world.c:286:20: warning: 'count' defined but not used [-Wunused-variable]
  286 |         static int count = 0;
      |                    ^~~~~
Info: Linking i2c_test.elf
nios2-elf-g++.exe -T'c:/Users/ailen/Desktop/licenta/Nios_i2c_accelerometer/software/i2c_test_bsp//linker.x' -msys-crt0='c:/Users/ailen/Desktop/licenta/Nios_i2c_accelerometer/software/i2c_test_bsp//obj/HAL/src/crt0.o' -msys-lib=hal_bsp -Lc:/Users/ailen/Desktop/licenta/Nios_i2c_accelerometer/software/i2c_test_bsp/   -Wl,-Map=i2c_test.map   -O0 -g -Wall  -mno-hw-div -mno-hw-div -mhw-mul -mno-hw-mulx -mgpopt=global  -o i2c_test.elf obj/default/hello_world.o obj/default/i2c_avalon_mm_if.o -lm -msys-lib=m
nios2-elf-insert.exe i2c_test.elf --thread_model hal --cpu_name cpu --qsys true --simulation_enabled false --stderr_dev jtag_uart_0 --stdin_dev jtag_uart_0 --stdout_dev jtag_uart_0 --sopc_system_name nios_i2c_acc --quartus_project_dir "c:/Users/ailen/Desktop/licenta/Nios_i2c_accelerometer" --jdi ../..//output_files/Nios_accelerometer.jdi --sopcinfo C:/Users/ailen/Desktop/licenta/Nios_i2c_accelerometer/nios_i2c_acc.sopcinfo
Info: (i2c_test.elf) 77 KBytes program size (code + initialized data).
Info:                65 KBytes free for stack + heap.
Info: Creating i2c_test.objdump
nios2-elf-objdump.exe --disassemble --syms --all-header --source i2c_test.elf >i2c_test.objdump
[i2c_test build complete]
15:04:00 **** Incremental Build of configuration Nios II for project i2c_test ****
wsl make all 
Info: Building /mnt/c/Users/ailen/Desktop/licenta/Nios_i2c_accelerometer/software/i2c_test_bsp/
make --no-print-directory -C /mnt/c/Users/ailen/Desktop/licenta/Nios_i2c_accelerometer/software/i2c_test_bsp/
[BSP build complete]
[i2c_test build complete]
15:04:32 **** Build of configuration Nios II for project i2c_test ****
wsl make all 
Info: Building /mnt/c/Users/ailen/Desktop/licenta/Nios_i2c_accelerometer/software/i2c_test_bsp/
make --no-print-directory -C /mnt/c/Users/ailen/Desktop/licenta/Nios_i2c_accelerometer/software/i2c_test_bsp/
[BSP build complete]
Info: Compiling hello_world.c to obj/default/hello_world.o
nios2-elf-gcc.exe -xc -MP -MMD -c -Ic:/Users/ailen/Desktop/licenta/Nios_i2c_accelerometer/software/i2c_test_bsp//HAL/inc -Ic:/Users/ailen/Desktop/licenta/Nios_i2c_accelerometer/software/i2c_test_bsp/ -Ic:/Users/ailen/Desktop/licenta/Nios_i2c_accelerometer/software/i2c_test_bsp//drivers/inc -pipe -D__hal__ -DALT_NO_INSTRUCTION_EMULATION -DALT_SINGLE_THREADED    -O0 -g -Wall  -mno-hw-div -mno-hw-div -mhw-mul -mno-hw-mulx -mgpopt=global  -o "obj/default/hello_world.o" "hello_world.c"
hello_world.c: In function 'read_acceleration_data':
hello_world.c:199:12: warning: unused variable 'no_bytes' [-Wunused-variable]
  199 |     alt_u8 no_bytes =6;
      |            ^~~~~~~~
hello_world.c: In function 'timer_isr':
hello_world.c:294:20: warning: implicit declaration of function 'abs' [-Wimplicit-function-declaration]
  294 |          if (pwm < abs(level)) {
      |                    ^~~
hello_world.c:9:1: note: include '<stdlib.h>' or provide a declaration of 'abs'
    8 | #include <altera_avalon_timer_regs.h>
  +++ |+#include <stdlib.h>
    9 | 
hello_world.c:297:21: warning: implicit declaration of function 'led_write' [-Wimplicit-function-declaration]
  297 |                     led_write(led << 1);
      |                     ^~~~~~~~~
hello_world.c:286:20: warning: unused variable 'count' [-Wunused-variable]
  286 |         static int count = 0;
      |                    ^~~~~
hello_world.c: At top level:
hello_world.c:327:6: warning: conflicting types for 'led_write'; have 'void(alt_u8)' {aka 'void(unsigned char)'}
  327 | void led_write(alt_u8 led_pattern) {
      |      ^~~~~~~~~
hello_world.c:297:21: note: previous implicit declaration of 'led_write' with type 'void(alt_u8)' {aka 'void(unsigned char)'}
  297 |                     led_write(led << 1);
      |                     ^~~~~~~~~
hello_world.c:286:20: warning: 'count' defined but not used [-Wunused-variable]
  286 |         static int count = 0;
      |                    ^~~~~
Info: Linking i2c_test.elf
nios2-elf-g++.exe -T'c:/Users/ailen/Desktop/licenta/Nios_i2c_accelerometer/software/i2c_test_bsp//linker.x' -msys-crt0='c:/Users/ailen/Desktop/licenta/Nios_i2c_accelerometer/software/i2c_test_bsp//obj/HAL/src/crt0.o' -msys-lib=hal_bsp -Lc:/Users/ailen/Desktop/licenta/Nios_i2c_accelerometer/software/i2c_test_bsp/   -Wl,-Map=i2c_test.map   -O0 -g -Wall  -mno-hw-div -mno-hw-div -mhw-mul -mno-hw-mulx -mgpopt=global  -o i2c_test.elf obj/default/hello_world.o obj/default/i2c_avalon_mm_if.o -lm -msys-lib=m
nios2-elf-insert.exe i2c_test.elf --thread_model hal --cpu_name cpu --qsys true --simulation_enabled false --stderr_dev jtag_uart_0 --stdin_dev jtag_uart_0 --stdout_dev jtag_uart_0 --sopc_system_name nios_i2c_acc --quartus_project_dir "c:/Users/ailen/Desktop/licenta/Nios_i2c_accelerometer" --jdi ../..//output_files/Nios_accelerometer.jdi --sopcinfo C:/Users/ailen/Desktop/licenta/Nios_i2c_accelerometer/nios_i2c_acc.sopcinfo
Info: (i2c_test.elf) 77 KBytes program size (code + initialized data).
Info:                65 KBytes free for stack + heap.
Info: Creating i2c_test.objdump
nios2-elf-objdump.exe --disassemble --syms --all-header --source i2c_test.elf >i2c_test.objdump
[i2c_test build complete]
15:04:35 **** Incremental Build of configuration Nios II for project i2c_test ****
wsl make all 
Info: Building /mnt/c/Users/ailen/Desktop/licenta/Nios_i2c_accelerometer/software/i2c_test_bsp/
make --no-print-directory -C /mnt/c/Users/ailen/Desktop/licenta/Nios_i2c_accelerometer/software/i2c_test_bsp/
[BSP build complete]
[i2c_test build complete]
15:05:09 **** Build of configuration Nios II for project i2c_test ****
wsl make all 
Info: Building /mnt/c/Users/ailen/Desktop/licenta/Nios_i2c_accelerometer/software/i2c_test_bsp/
make --no-print-directory -C /mnt/c/Users/ailen/Desktop/licenta/Nios_i2c_accelerometer/software/i2c_test_bsp/
[BSP build complete]
Info: Compiling hello_world.c to obj/default/hello_world.o
nios2-elf-gcc.exe -xc -MP -MMD -c -Ic:/Users/ailen/Desktop/licenta/Nios_i2c_accelerometer/software/i2c_test_bsp//HAL/inc -Ic:/Users/ailen/Desktop/licenta/Nios_i2c_accelerometer/software/i2c_test_bsp/ -Ic:/Users/ailen/Desktop/licenta/Nios_i2c_accelerometer/software/i2c_test_bsp//drivers/inc -pipe -D__hal__ -DALT_NO_INSTRUCTION_EMULATION -DALT_SINGLE_THREADED    -O0 -g -Wall  -mno-hw-div -mno-hw-div -mhw-mul -mno-hw-mulx -mgpopt=global  -o "obj/default/hello_world.o" "hello_world.c"
hello_world.c: In function 'read_acceleration_data':
hello_world.c:199:12: warning: unused variable 'no_bytes' [-Wunused-variable]
  199 |     alt_u8 no_bytes =6;
      |            ^~~~~~~~
hello_world.c: In function 'timer_isr':
hello_world.c:294:20: warning: implicit declaration of function 'abs' [-Wimplicit-function-declaration]
  294 |          if (pwm < abs(level)) {
      |                    ^~~
hello_world.c:9:1: note: include '<stdlib.h>' or provide a declaration of 'abs'
    8 | #include <altera_avalon_timer_regs.h>
  +++ |+#include <stdlib.h>
    9 | 
hello_world.c:297:21: warning: implicit declaration of function 'led_write' [-Wimplicit-function-declaration]
  297 |                     led_write(led << 1);
      |                     ^~~~~~~~~
hello_world.c:286:20: warning: unused variable 'count' [-Wunused-variable]
  286 |         static int count = 0;
      |                    ^~~~~
hello_world.c: At top level:
hello_world.c:327:6: warning: conflicting types for 'led_write'; have 'void(alt_u8)' {aka 'void(unsigned char)'}
  327 | void led_write(alt_u8 led_pattern) {
      |      ^~~~~~~~~
hello_world.c:297:21: note: previous implicit declaration of 'led_write' with type 'void(alt_u8)' {aka 'void(unsigned char)'}
  297 |                     led_write(led << 1);
      |                     ^~~~~~~~~
hello_world.c:286:20: warning: 'count' defined but not used [-Wunused-variable]
  286 |         static int count = 0;
      |                    ^~~~~
Info: Linking i2c_test.elf
nios2-elf-g++.exe -T'c:/Users/ailen/Desktop/licenta/Nios_i2c_accelerometer/software/i2c_test_bsp//linker.x' -msys-crt0='c:/Users/ailen/Desktop/licenta/Nios_i2c_accelerometer/software/i2c_test_bsp//obj/HAL/src/crt0.o' -msys-lib=hal_bsp -Lc:/Users/ailen/Desktop/licenta/Nios_i2c_accelerometer/software/i2c_test_bsp/   -Wl,-Map=i2c_test.map   -O0 -g -Wall  -mno-hw-div -mno-hw-div -mhw-mul -mno-hw-mulx -mgpopt=global  -o i2c_test.elf obj/default/hello_world.o obj/default/i2c_avalon_mm_if.o -lm -msys-lib=m
nios2-elf-insert.exe i2c_test.elf --thread_model hal --cpu_name cpu --qsys true --simulation_enabled false --stderr_dev jtag_uart_0 --stdin_dev jtag_uart_0 --stdout_dev jtag_uart_0 --sopc_system_name nios_i2c_acc --quartus_project_dir "c:/Users/ailen/Desktop/licenta/Nios_i2c_accelerometer" --jdi ../..//output_files/Nios_accelerometer.jdi --sopcinfo C:/Users/ailen/Desktop/licenta/Nios_i2c_accelerometer/nios_i2c_acc.sopcinfo
Info: (i2c_test.elf) 77 KBytes program size (code + initialized data).
Info:                65 KBytes free for stack + heap.
Info: Creating i2c_test.objdump
nios2-elf-objdump.exe --disassemble --syms --all-header --source i2c_test.elf >i2c_test.objdump
[i2c_test build complete]
15:05:12 **** Incremental Build of configuration Nios II for project i2c_test ****
wsl make all 
Info: Building /mnt/c/Users/ailen/Desktop/licenta/Nios_i2c_accelerometer/software/i2c_test_bsp/
make --no-print-directory -C /mnt/c/Users/ailen/Desktop/licenta/Nios_i2c_accelerometer/software/i2c_test_bsp/
[BSP build complete]
[i2c_test build complete]
15:05:50 **** Build of configuration Nios II for project i2c_test ****
wsl make all 
Info: Building /mnt/c/Users/ailen/Desktop/licenta/Nios_i2c_accelerometer/software/i2c_test_bsp/
make --no-print-directory -C /mnt/c/Users/ailen/Desktop/licenta/Nios_i2c_accelerometer/software/i2c_test_bsp/
[BSP build complete]
Info: Compiling hello_world.c to obj/default/hello_world.o
nios2-elf-gcc.exe -xc -MP -MMD -c -Ic:/Users/ailen/Desktop/licenta/Nios_i2c_accelerometer/software/i2c_test_bsp//HAL/inc -Ic:/Users/ailen/Desktop/licenta/Nios_i2c_accelerometer/software/i2c_test_bsp/ -Ic:/Users/ailen/Desktop/licenta/Nios_i2c_accelerometer/software/i2c_test_bsp//drivers/inc -pipe -D__hal__ -DALT_NO_INSTRUCTION_EMULATION -DALT_SINGLE_THREADED    -O0 -g -Wall  -mno-hw-div -mno-hw-div -mhw-mul -mno-hw-mulx -mgpopt=global  -o "obj/default/hello_world.o" "hello_world.c"
hello_world.c: In function 'read_acceleration_data':
hello_world.c:199:12: warning: unused variable 'no_bytes' [-Wunused-variable]
  199 |     alt_u8 no_bytes =6;
      |            ^~~~~~~~
hello_world.c: In function 'timer_isr':
hello_world.c:294:20: warning: implicit declaration of function 'abs' [-Wimplicit-function-declaration]
  294 |          if (pwm < abs(level)) {
      |                    ^~~
hello_world.c:9:1: note: include '<stdlib.h>' or provide a declaration of 'abs'
    8 | #include <altera_avalon_timer_regs.h>
  +++ |+#include <stdlib.h>
    9 | 
hello_world.c:297:21: warning: implicit declaration of function 'led_write' [-Wimplicit-function-declaration]
  297 |                     led_write(led << 1);
      |                     ^~~~~~~~~
hello_world.c:286:20: warning: unused variable 'count' [-Wunused-variable]
  286 |         static int count = 0;
      |                    ^~~~~
hello_world.c: At top level:
hello_world.c:327:6: warning: conflicting types for 'led_write'; have 'void(alt_u8)' {aka 'void(unsigned char)'}
  327 | void led_write(alt_u8 led_pattern) {
      |      ^~~~~~~~~
hello_world.c:297:21: note: previous implicit declaration of 'led_write' with type 'void(alt_u8)' {aka 'void(unsigned char)'}
  297 |                     led_write(led << 1);
      |                     ^~~~~~~~~
hello_world.c:286:20: warning: 'count' defined but not used [-Wunused-variable]
  286 |         static int count = 0;
      |                    ^~~~~
Info: Linking i2c_test.elf
nios2-elf-g++.exe -T'c:/Users/ailen/Desktop/licenta/Nios_i2c_accelerometer/software/i2c_test_bsp//linker.x' -msys-crt0='c:/Users/ailen/Desktop/licenta/Nios_i2c_accelerometer/software/i2c_test_bsp//obj/HAL/src/crt0.o' -msys-lib=hal_bsp -Lc:/Users/ailen/Desktop/licenta/Nios_i2c_accelerometer/software/i2c_test_bsp/   -Wl,-Map=i2c_test.map   -O0 -g -Wall  -mno-hw-div -mno-hw-div -mhw-mul -mno-hw-mulx -mgpopt=global  -o i2c_test.elf obj/default/hello_world.o obj/default/i2c_avalon_mm_if.o -lm -msys-lib=m
nios2-elf-insert.exe i2c_test.elf --thread_model hal --cpu_name cpu --qsys true --simulation_enabled false --stderr_dev jtag_uart_0 --stdin_dev jtag_uart_0 --stdout_dev jtag_uart_0 --sopc_system_name nios_i2c_acc --quartus_project_dir "c:/Users/ailen/Desktop/licenta/Nios_i2c_accelerometer" --jdi ../..//output_files/Nios_accelerometer.jdi --sopcinfo C:/Users/ailen/Desktop/licenta/Nios_i2c_accelerometer/nios_i2c_acc.sopcinfo
Info: (i2c_test.elf) 77 KBytes program size (code + initialized data).
Info:                65 KBytes free for stack + heap.
Info: Creating i2c_test.objdump
nios2-elf-objdump.exe --disassemble --syms --all-header --source i2c_test.elf >i2c_test.objdump
[i2c_test build complete]
15:05:53 **** Incremental Build of configuration Nios II for project i2c_test ****
wsl make all 
Info: Building /mnt/c/Users/ailen/Desktop/licenta/Nios_i2c_accelerometer/software/i2c_test_bsp/
make --no-print-directory -C /mnt/c/Users/ailen/Desktop/licenta/Nios_i2c_accelerometer/software/i2c_test_bsp/
[BSP build complete]
[i2c_test build complete]
15:06:04 **** Build of configuration Nios II for project i2c_test ****
wsl make all 
Info: Building /mnt/c/Users/ailen/Desktop/licenta/Nios_i2c_accelerometer/software/i2c_test_bsp/
make --no-print-directory -C /mnt/c/Users/ailen/Desktop/licenta/Nios_i2c_accelerometer/software/i2c_test_bsp/
[BSP build complete]
[i2c_test build complete]
15:06:05 **** Incremental Build of configuration Nios II for project i2c_test ****
wsl make all 
Info: Building /mnt/c/Users/ailen/Desktop/licenta/Nios_i2c_accelerometer/software/i2c_test_bsp/
make --no-print-directory -C /mnt/c/Users/ailen/Desktop/licenta/Nios_i2c_accelerometer/software/i2c_test_bsp/
[BSP build complete]
[i2c_test build complete]
