Info: Starting: Create block symbol file (.bsf)
Info: qsys-generate C:\Users\ailen\Desktop\licenta\Nios_SPI\acc_spi.qsys --block-symbol-file --output-directory=C:\Users\ailen\Desktop\licenta\Nios_SPI\acc_spi --family="MAX 10" --part=10M50DAF484C6GES
Progress: Loading Nios_SPI/acc_spi.qsys
Progress: Reading input file
Progress: Adding accelerometer_spi_0 [altera_up_avalon_accelerometer_spi 18.0]
Progress: Parameterizing module accelerometer_spi_0
Progress: Adding clk_0 [clock_source 22.1]
Progress: Parameterizing module clk_0
Progress: Adding jtag_uart_0 [altera_avalon_jtag_uart 22.1]
Progress: Parameterizing module jtag_uart_0
Progress: Adding nios2_gen2_0 [altera_nios2_gen2 22.1]
Progress: Parameterizing module nios2_gen2_0
Progress: Adding onchip_memory2_0 [altera_avalon_onchip_memory2 22.1]
Progress: Parameterizing module onchip_memory2_0
Progress: Building connections
Progress: Parameterizing connections
Progress: Validating
Progress: Done reading input file
Info: acc_spi.jtag_uart_0: JTAG UART IP input clock need to be at least double (2x) the operating frequency of JTAG TCK on board
Info: qsys-generate succeeded.
Info: Finished: Create block symbol file (.bsf)
Info: 
Info: Starting: Create HDL design files for synthesis
Info: qsys-generate C:\Users\ailen\Desktop\licenta\Nios_SPI\acc_spi.qsys --synthesis=VERILOG --output-directory=C:\Users\ailen\Desktop\licenta\Nios_SPI\acc_spi\synthesis --family="MAX 10" --part=10M50DAF484C6GES
Progress: Loading Nios_SPI/acc_spi.qsys
Progress: Reading input file
Progress: Adding accelerometer_spi_0 [altera_up_avalon_accelerometer_spi 18.0]
Progress: Parameterizing module accelerometer_spi_0
Progress: Adding clk_0 [clock_source 22.1]
Progress: Parameterizing module clk_0
Progress: Adding jtag_uart_0 [altera_avalon_jtag_uart 22.1]
Progress: Parameterizing module jtag_uart_0
Progress: Adding nios2_gen2_0 [altera_nios2_gen2 22.1]
Progress: Parameterizing module nios2_gen2_0
Progress: Adding onchip_memory2_0 [altera_avalon_onchip_memory2 22.1]
Progress: Parameterizing module onchip_memory2_0
Progress: Building connections
Progress: Parameterizing connections
Progress: Validating
Progress: Done reading input file
Info: acc_spi.jtag_uart_0: JTAG UART IP input clock need to be at least double (2x) the operating frequency of JTAG TCK on board
Info: acc_spi: Generating acc_spi "acc_spi" for QUARTUS_SYNTH
Info: accelerometer_spi_0: Starting Generation of the Accelerometer Controller in SPI mode
Info: accelerometer_spi_0: "acc_spi" instantiated altera_up_avalon_accelerometer_spi "accelerometer_spi_0"
Info: jtag_uart_0: Starting RTL generation for module 'acc_spi_jtag_uart_0'
Info: jtag_uart_0:   Generation command is [exec C:/intelfpga_lite/22.1std/quartus/bin64/perl/bin/perl.exe -I C:/intelfpga_lite/22.1std/quartus/bin64/perl/lib -I C:/intelfpga_lite/22.1std/quartus/sopc_builder/bin/europa -I C:/intelfpga_lite/22.1std/quartus/sopc_builder/bin -I C:/intelfpga_lite/22.1std/quartus/../ip/altera/sopc_builder_ip/common -I C:/intelfpga_lite/22.1std/quartus/../ip/altera/sopc_builder_ip/altera_avalon_jtag_uart -- C:/intelfpga_lite/22.1std/quartus/../ip/altera/sopc_builder_ip/altera_avalon_jtag_uart/generate_rtl.pl --name=acc_spi_jtag_uart_0 --dir=C:/Users/ailen/AppData/Local/Temp/alt9477_6756370562785409652.dir/0003_jtag_uart_0_gen/ --quartus_dir=C:/intelfpga_lite/22.1std/quartus --verilog --config=C:/Users/ailen/AppData/Local/Temp/alt9477_6756370562785409652.dir/0003_jtag_uart_0_gen//acc_spi_jtag_uart_0_component_configuration.pl  --do_build_sim=0  ]
Info: jtag_uart_0: Done RTL generation for module 'acc_spi_jtag_uart_0'
Info: jtag_uart_0: "acc_spi" instantiated altera_avalon_jtag_uart "jtag_uart_0"
Info: nios2_gen2_0: "acc_spi" instantiated altera_nios2_gen2 "nios2_gen2_0"
Info: onchip_memory2_0: Starting RTL generation for module 'acc_spi_onchip_memory2_0'
Info: onchip_memory2_0:   Generation command is [exec C:/intelfpga_lite/22.1std/quartus/bin64/perl/bin/perl.exe -I C:/intelfpga_lite/22.1std/quartus/bin64/perl/lib -I C:/intelfpga_lite/22.1std/quartus/sopc_builder/bin/europa -I C:/intelfpga_lite/22.1std/quartus/sopc_builder/bin -I C:/intelfpga_lite/22.1std/quartus/../ip/altera/sopc_builder_ip/common -I C:/intelfpga_lite/22.1std/quartus/../ip/altera/sopc_builder_ip/altera_avalon_onchip_memory2 -- C:/intelfpga_lite/22.1std/quartus/../ip/altera/sopc_builder_ip/altera_avalon_onchip_memory2/generate_rtl.pl --name=acc_spi_onchip_memory2_0 --dir=C:/Users/ailen/AppData/Local/Temp/alt9477_6756370562785409652.dir/0004_onchip_memory2_0_gen/ --quartus_dir=C:/intelfpga_lite/22.1std/quartus --verilog --config=C:/Users/ailen/AppData/Local/Temp/alt9477_6756370562785409652.dir/0004_onchip_memory2_0_gen//acc_spi_onchip_memory2_0_component_configuration.pl  --do_build_sim=0  ]
Info: onchip_memory2_0: Done RTL generation for module 'acc_spi_onchip_memory2_0'
Info: onchip_memory2_0: "acc_spi" instantiated altera_avalon_onchip_memory2 "onchip_memory2_0"
Info: avalon_st_adapter: Inserting error_adapter: error_adapter_0
Info: avalon_st_adapter_001: Inserting error_adapter: error_adapter_0
Info: avalon_st_adapter_002: Inserting error_adapter: error_adapter_0
Info: avalon_st_adapter_003: Inserting error_adapter: error_adapter_0
Info: mm_interconnect_0: "acc_spi" instantiated altera_mm_interconnect "mm_interconnect_0"
Info: irq_mapper: "acc_spi" instantiated altera_irq_mapper "irq_mapper"
Info: rst_controller: "acc_spi" instantiated altera_reset_controller "rst_controller"
Info: cpu: Starting RTL generation for module 'acc_spi_nios2_gen2_0_cpu'
Info: cpu:   Generation command is [exec C:/intelFPGA_lite/22.1std/quartus/bin64//perl/bin/perl.exe -I C:/intelFPGA_lite/22.1std/quartus/bin64//perl/lib -I C:/intelfpga_lite/22.1std/quartus/sopc_builder/bin/europa -I C:/intelfpga_lite/22.1std/quartus/sopc_builder/bin -I C:/intelfpga_lite/22.1std/quartus/../ip/altera/nios2_ip/altera_nios2_gen2/cpu_lib -I C:/intelfpga_lite/22.1std/quartus/../ip/altera/nios2_ip/altera_nios2_gen2/nios_lib -I C:/intelfpga_lite/22.1std/quartus/../ip/altera/nios2_ip/altera_nios2_gen2 -I C:/intelfpga_lite/22.1std/quartus/../ip/altera/nios2_ip/altera_nios2_gen2 -- C:/intelfpga_lite/22.1std/quartus/../ip/altera/nios2_ip/altera_nios2_gen2/generate_rtl.pl --name=acc_spi_nios2_gen2_0_cpu --dir=C:/Users/ailen/AppData/Local/Temp/alt9477_6756370562785409652.dir/0007_cpu_gen/ --quartus_bindir=C:/intelFPGA_lite/22.1std/quartus/bin64/ --verilog --config=C:/Users/ailen/AppData/Local/Temp/alt9477_6756370562785409652.dir/0007_cpu_gen//acc_spi_nios2_gen2_0_cpu_processor_configuration.pl  --do_build_sim=0  ]
Info: cpu: # 2023.04.30 21:04:23 (*) Starting Nios II generation
Info: cpu: # 2023.04.30 21:04:23 (*)   Elaborating CPU configuration settings
Info: cpu: # 2023.04.30 21:04:23 (*)   Creating all objects for CPU
Info: cpu: # 2023.04.30 21:04:23 (*)     Testbench
Info: cpu: # 2023.04.30 21:04:23 (*)     Instruction decoding
Info: cpu: # 2023.04.30 21:04:23 (*)       Instruction fields
Info: cpu: # 2023.04.30 21:04:23 (*)       Instruction decodes
Info: cpu: # 2023.04.30 21:04:23 (*)       Signals for RTL simulation waveforms
Info: cpu: # 2023.04.30 21:04:23 (*)       Instruction controls
Info: cpu: # 2023.04.30 21:04:23 (*)     Pipeline frontend
Info: cpu: # 2023.04.30 21:04:23 (*)     Pipeline backend
Info: cpu: # 2023.04.30 21:04:25 (*)   Generating RTL from CPU objects
Info: cpu: # 2023.04.30 21:04:25 (*)   Creating plain-text RTL
Info: cpu: # 2023.04.30 21:04:26 (*) Done Nios II generation
Info: cpu: Done RTL generation for module 'acc_spi_nios2_gen2_0_cpu'
Info: cpu: "nios2_gen2_0" instantiated altera_nios2_gen2_unit "cpu"
Info: nios2_gen2_0_data_master_translator: "mm_interconnect_0" instantiated altera_merlin_master_translator "nios2_gen2_0_data_master_translator"
Info: accelerometer_spi_0_avalon_accelerometer_spi_mode_slave_translator: "mm_interconnect_0" instantiated altera_merlin_slave_translator "accelerometer_spi_0_avalon_accelerometer_spi_mode_slave_translator"
Info: nios2_gen2_0_data_master_agent: "mm_interconnect_0" instantiated altera_merlin_master_agent "nios2_gen2_0_data_master_agent"
Info: accelerometer_spi_0_avalon_accelerometer_spi_mode_slave_agent: "mm_interconnect_0" instantiated altera_merlin_slave_agent "accelerometer_spi_0_avalon_accelerometer_spi_mode_slave_agent"
Info: accelerometer_spi_0_avalon_accelerometer_spi_mode_slave_agent_rsp_fifo: "mm_interconnect_0" instantiated altera_avalon_sc_fifo "accelerometer_spi_0_avalon_accelerometer_spi_mode_slave_agent_rsp_fifo"
Info: router: "mm_interconnect_0" instantiated altera_merlin_router "router"
Info: router_001: "mm_interconnect_0" instantiated altera_merlin_router "router_001"
Info: router_002: "mm_interconnect_0" instantiated altera_merlin_router "router_002"
Info: router_003: "mm_interconnect_0" instantiated altera_merlin_router "router_003"
Info: router_004: "mm_interconnect_0" instantiated altera_merlin_router "router_004"
Info: nios2_gen2_0_data_master_limiter: "mm_interconnect_0" instantiated altera_merlin_traffic_limiter "nios2_gen2_0_data_master_limiter"
Info: Reusing file C:/Users/ailen/Desktop/licenta/Nios_SPI/acc_spi/synthesis/submodules/altera_avalon_sc_fifo.v
Info: accelerometer_spi_0_avalon_accelerometer_spi_mode_slave_burst_adapter: "mm_interconnect_0" instantiated altera_merlin_burst_adapter "accelerometer_spi_0_avalon_accelerometer_spi_mode_slave_burst_adapter"
Info: Reusing file C:/Users/ailen/Desktop/licenta/Nios_SPI/acc_spi/synthesis/submodules/altera_avalon_st_pipeline_base.v
Info: cmd_demux: "mm_interconnect_0" instantiated altera_merlin_demultiplexer "cmd_demux"
Info: cmd_demux_001: "mm_interconnect_0" instantiated altera_merlin_demultiplexer "cmd_demux_001"
Info: cmd_mux: "mm_interconnect_0" instantiated altera_merlin_multiplexer "cmd_mux"
Info: cmd_mux_002: "mm_interconnect_0" instantiated altera_merlin_multiplexer "cmd_mux_002"
Info: Reusing file C:/Users/ailen/Desktop/licenta/Nios_SPI/acc_spi/synthesis/submodules/altera_merlin_arbitrator.sv
Info: rsp_demux: "mm_interconnect_0" instantiated altera_merlin_demultiplexer "rsp_demux"
Info: rsp_demux_002: "mm_interconnect_0" instantiated altera_merlin_demultiplexer "rsp_demux_002"
Info: rsp_mux: "mm_interconnect_0" instantiated altera_merlin_multiplexer "rsp_mux"
Info: Reusing file C:/Users/ailen/Desktop/licenta/Nios_SPI/acc_spi/synthesis/submodules/altera_merlin_arbitrator.sv
Info: rsp_mux_001: "mm_interconnect_0" instantiated altera_merlin_multiplexer "rsp_mux_001"
Info: Reusing file C:/Users/ailen/Desktop/licenta/Nios_SPI/acc_spi/synthesis/submodules/altera_merlin_arbitrator.sv
Info: accelerometer_spi_0_avalon_accelerometer_spi_mode_slave_rsp_width_adapter: "mm_interconnect_0" instantiated altera_merlin_width_adapter "accelerometer_spi_0_avalon_accelerometer_spi_mode_slave_rsp_width_adapter"
Info: Reusing file C:/Users/ailen/Desktop/licenta/Nios_SPI/acc_spi/synthesis/submodules/altera_merlin_address_alignment.sv
Info: Reusing file C:/Users/ailen/Desktop/licenta/Nios_SPI/acc_spi/synthesis/submodules/altera_merlin_burst_uncompressor.sv
Info: avalon_st_adapter: "mm_interconnect_0" instantiated altera_avalon_st_adapter "avalon_st_adapter"
Info: avalon_st_adapter_001: "mm_interconnect_0" instantiated altera_avalon_st_adapter "avalon_st_adapter_001"
Info: error_adapter_0: "avalon_st_adapter" instantiated error_adapter "error_adapter_0"
Info: error_adapter_0: "avalon_st_adapter_001" instantiated error_adapter "error_adapter_0"
Info: acc_spi: Done "acc_spi" with 34 modules, 67 files
Info: qsys-generate succeeded.
Info: Finished: Create HDL design files for synthesis
