Flow report for Nios_accelerometer
Thu May 18 11:40:27 2023
Quartus Prime Version 22.1std.0 Build 915 10/25/2022 SC Lite Edition


---------------------
; Table of Contents ;
---------------------
  1. Legal Notice
  2. Flow Summary
  3. Flow Settings
  4. Flow Non-Default Global Settings
  5. Flow Elapsed Time
  6. Flow OS Summary
  7. Flow Log
  8. Flow Messages
  9. Flow Suppressed Messages



----------------
; Legal Notice ;
----------------
Copyright (C) 2022  Intel Corporation. All rights reserved.
Your use of Intel Corporation's design tools, logic functions 
and other software and tools, and any partner logic 
functions, and any output files from any of the foregoing 
(including device programming or simulation files), and any 
associated documentation or information are expressly subject 
to the terms and conditions of the Intel Program License 
Subscription Agreement, the Intel Quartus Prime License Agreement,
the Intel FPGA IP License Agreement, or other applicable license
agreement, including, without limitation, that your use is for
the sole purpose of programming logic devices manufactured by
Intel and sold by Intel or its authorized distributors.  Please
refer to the applicable agreement for further details, at
https://fpgasoftware.intel.com/eula.



+-------------------------------------------------------------------------------------+
; Flow Summary                                                                        ;
+------------------------------------+------------------------------------------------+
; Flow Status                        ; Successful - Thu May 18 11:40:21 2023          ;
; Quartus Prime Version              ; 22.1std.0 Build 915 10/25/2022 SC Lite Edition ;
; Revision Name                      ; Nios_accelerometer                             ;
; Top-level Entity Name              ; DE10_LITE_Golden_Top                           ;
; Family                             ; MAX 10                                         ;
; Device                             ; 10M50DAF484C6GES                               ;
; Timing Models                      ; Preliminary                                    ;
; Total logic elements               ; 4,100 / 49,760 ( 8 % )                         ;
;     Total combinational functions  ; 3,612 / 49,760 ( 7 % )                         ;
;     Dedicated logic registers      ; 2,487 / 49,760 ( 5 % )                         ;
; Total registers                    ; 2487                                           ;
; Total pins                         ; 29 / 360 ( 8 % )                               ;
; Total virtual pins                 ; 0                                              ;
; Total memory bits                  ; 1,292,736 / 1,677,312 ( 77 % )                 ;
; Embedded Multiplier 9-bit elements ; 6 / 288 ( 2 % )                                ;
; Total PLLs                         ; 0 / 4 ( 0 % )                                  ;
; UFM blocks                         ; 0 / 1 ( 0 % )                                  ;
; ADC blocks                         ; 0 / 2 ( 0 % )                                  ;
+------------------------------------+------------------------------------------------+


+-----------------------------------------+
; Flow Settings                           ;
+-------------------+---------------------+
; Option            ; Setting             ;
+-------------------+---------------------+
; Start date & time ; 05/18/2023 11:39:10 ;
; Main task         ; Compilation         ;
; Revision Name     ; Nios_accelerometer  ;
+-------------------+---------------------+


+---------------------------------------------------------------------------------------------------------------------------------------------------------------+
; Flow Non-Default Global Settings                                                                                                                              ;
+-------------------------------------+----------------------------------------------------------------+--------------------+----------------------+------------+
; Assignment Name                     ; Value                                                          ; Default Value      ; Entity Name          ; Section Id ;
+-------------------------------------+----------------------------------------------------------------+--------------------+----------------------+------------+
; COMPILER_SIGNATURE_ID               ; 24062491136.168439915007448                                    ; --                 ; --                   ; --         ;
; MAX_CORE_JUNCTION_TEMP              ; 85                                                             ; --                 ; --                   ; --         ;
; MIN_CORE_JUNCTION_TEMP              ; 0                                                              ; --                 ; --                   ; --         ;
; MISC_FILE                           ; nios_i2c_acc/synthesis/../nios_i2c_acc.cmp                     ; --                 ; --                   ; --         ;
; MISC_FILE                           ; nios_i2c_acc/synthesis/../../nios_i2c_acc.qsys                 ; --                 ; --                   ; --         ;
; OUTPUT_IO_TIMING_FAR_END_VMEAS      ; Half Signal Swing                                              ; --                 ; --                   ; --         ;
; OUTPUT_IO_TIMING_FAR_END_VMEAS      ; Half Signal Swing                                              ; --                 ; --                   ; --         ;
; OUTPUT_IO_TIMING_NEAR_END_VMEAS     ; Half Vccio                                                     ; --                 ; --                   ; --         ;
; OUTPUT_IO_TIMING_NEAR_END_VMEAS     ; Half Vccio                                                     ; --                 ; --                   ; --         ;
; PARTITION_COLOR                     ; -- (Not supported for targeted family)                         ; --                 ; DE10_LITE_Golden_Top ; Top        ;
; PARTITION_FITTER_PRESERVATION_LEVEL ; -- (Not supported for targeted family)                         ; --                 ; DE10_LITE_Golden_Top ; Top        ;
; PARTITION_NETLIST_TYPE              ; -- (Not supported for targeted family)                         ; --                 ; DE10_LITE_Golden_Top ; Top        ;
; POWER_BOARD_THERMAL_MODEL           ; None (CONSERVATIVE)                                            ; --                 ; --                   ; --         ;
; POWER_PRESET_COOLING_SOLUTION       ; 23 MM HEAT SINK WITH 200 LFPM AIRFLOW                          ; --                 ; --                   ; --         ;
; PROJECT_OUTPUT_DIRECTORY            ; output_files                                                   ; --                 ; --                   ; --         ;
; SLD_FILE                            ; nios_i2c_acc/synthesis/nios_i2c_acc.regmap                     ; --                 ; --                   ; --         ;
; SLD_FILE                            ; nios_i2c_acc/synthesis/nios_i2c_acc.debuginfo                  ; --                 ; --                   ; --         ;
; SLD_INFO                            ; QSYS_NAME nios_i2c_acc HAS_SOPCINFO 1 GENERATION_ID 1684220878 ; --                 ; nios_i2c_acc         ; --         ;
; SOPCINFO_FILE                       ; nios_i2c_acc/synthesis/../../nios_i2c_acc.sopcinfo             ; --                 ; --                   ; --         ;
; SYNTHESIS_ONLY_QIP                  ; On                                                             ; --                 ; --                   ; --         ;
; TOP_LEVEL_ENTITY                    ; DE10_LITE_Golden_Top                                           ; Nios_accelerometer ; --                   ; --         ;
+-------------------------------------+----------------------------------------------------------------+--------------------+----------------------+------------+


+--------------------------------------------------------------------------------------------------------------------------+
; Flow Elapsed Time                                                                                                        ;
+----------------------+--------------+-------------------------+---------------------+------------------------------------+
; Module Name          ; Elapsed Time ; Average Processors Used ; Peak Virtual Memory ; Total CPU Time (on all processors) ;
+----------------------+--------------+-------------------------+---------------------+------------------------------------+
; Analysis & Synthesis ; 00:00:39     ; 1.0                     ; 4997 MB             ; 00:01:01                           ;
; Fitter               ; 00:00:22     ; 1.6                     ; 5727 MB             ; 00:00:39                           ;
; Assembler            ; 00:00:04     ; 1.0                     ; 4755 MB             ; 00:00:04                           ;
; Timing Analyzer      ; 00:00:05     ; 2.4                     ; 4894 MB             ; 00:00:11                           ;
; Total                ; 00:01:10     ; --                      ; --                  ; 00:01:55                           ;
+----------------------+--------------+-------------------------+---------------------+------------------------------------+


+------------------------------------------------------------------------------------+
; Flow OS Summary                                                                    ;
+----------------------+------------------+------------+------------+----------------+
; Module Name          ; Machine Hostname ; OS Name    ; OS Version ; Processor type ;
+----------------------+------------------+------------+------------+----------------+
; Analysis & Synthesis ; DESKTOP-TDRP5HG  ; Windows 10 ; 10.0       ; x86_64         ;
; Fitter               ; DESKTOP-TDRP5HG  ; Windows 10 ; 10.0       ; x86_64         ;
; Assembler            ; DESKTOP-TDRP5HG  ; Windows 10 ; 10.0       ; x86_64         ;
; Timing Analyzer      ; DESKTOP-TDRP5HG  ; Windows 10 ; 10.0       ; x86_64         ;
+----------------------+------------------+------------+------------+----------------+


------------
; Flow Log ;
------------
quartus_map --read_settings_files=on --write_settings_files=off Nios_accelerometer -c Nios_accelerometer
quartus_fit --read_settings_files=off --write_settings_files=off Nios_accelerometer -c Nios_accelerometer
quartus_asm --read_settings_files=off --write_settings_files=off Nios_accelerometer -c Nios_accelerometer
quartus_sta Nios_accelerometer -c Nios_accelerometer



