Info: Starting: Create block symbol file (.bsf)
Info: qsys-generate C:\Users\ailen\Desktop\licenta\Nios_custom_dma\nios_custom_dma.qsys --block-symbol-file --output-directory=C:\Users\ailen\Desktop\licenta\Nios_custom_dma\nios_custom_dma --family="MAX 10" --part=10M50DAF484C6GES
Progress: Loading Nios_custom_dma/nios_custom_dma.qsys
Progress: Reading input file
Progress: Adding block_dma [block_transaction_example 1.2]
Progress: Parameterizing module block_dma
Progress: Adding burst_dma [burst_example 1.2]
Progress: Parameterizing module burst_dma
Progress: Adding clk_0 [clock_source 22.1]
Progress: Parameterizing module clk_0
Progress: Adding dst_ram [altera_avalon_onchip_memory2 22.1]
Progress: Parameterizing module dst_ram
Progress: Adding jtag_uart_0 [altera_avalon_jtag_uart 22.1]
Progress: Parameterizing module jtag_uart_0
Progress: Adding nios2_gen2_0 [altera_nios2_gen2 22.1]
Progress: Parameterizing module nios2_gen2_0
Progress: Adding pipelined_dma [pipelined_read_example 1.2]
Progress: Parameterizing module pipelined_dma
Progress: Adding program [altera_avalon_onchip_memory2 22.1]
Progress: Parameterizing module program
Progress: Adding simple_dma [simple_example 1.2]
Progress: Parameterizing module simple_dma
Progress: Adding src_ram [altera_avalon_onchip_memory2 22.1]
Progress: Parameterizing module src_ram
Progress: Building connections
Progress: Parameterizing connections
Progress: Validating
Progress: Done reading input file
Info: nios_custom_dma.jtag_uart_0: JTAG UART IP input clock need to be at least double (2x) the operating frequency of JTAG TCK on board
Info: qsys-generate succeeded.
Info: Finished: Create block symbol file (.bsf)
Info: 
Info: Starting: Create HDL design files for synthesis
Info: qsys-generate C:\Users\ailen\Desktop\licenta\Nios_custom_dma\nios_custom_dma.qsys --synthesis=VERILOG --output-directory=C:\Users\ailen\Desktop\licenta\Nios_custom_dma\nios_custom_dma\synthesis --family="MAX 10" --part=10M50DAF484C6GES
Progress: Loading Nios_custom_dma/nios_custom_dma.qsys
Progress: Reading input file
Progress: Adding block_dma [block_transaction_example 1.2]
Progress: Parameterizing module block_dma
Progress: Adding burst_dma [burst_example 1.2]
Progress: Parameterizing module burst_dma
Progress: Adding clk_0 [clock_source 22.1]
Progress: Parameterizing module clk_0
Progress: Adding dst_ram [altera_avalon_onchip_memory2 22.1]
Progress: Parameterizing module dst_ram
Progress: Adding jtag_uart_0 [altera_avalon_jtag_uart 22.1]
Progress: Parameterizing module jtag_uart_0
Progress: Adding nios2_gen2_0 [altera_nios2_gen2 22.1]
Progress: Parameterizing module nios2_gen2_0
Progress: Adding pipelined_dma [pipelined_read_example 1.2]
Progress: Parameterizing module pipelined_dma
Progress: Adding program [altera_avalon_onchip_memory2 22.1]
Progress: Parameterizing module program
Progress: Adding simple_dma [simple_example 1.2]
Progress: Parameterizing module simple_dma
Progress: Adding src_ram [altera_avalon_onchip_memory2 22.1]
Progress: Parameterizing module src_ram
Progress: Building connections
Progress: Parameterizing connections
Progress: Validating
Progress: Done reading input file
Info: nios_custom_dma.jtag_uart_0: JTAG UART IP input clock need to be at least double (2x) the operating frequency of JTAG TCK on board
Info: nios_custom_dma: Generating nios_custom_dma "nios_custom_dma" for QUARTUS_SYNTH
Info: block_dma: "nios_custom_dma" instantiated block_transaction_example "block_dma"
Info: burst_dma: "nios_custom_dma" instantiated burst_example "burst_dma"
Info: Reusing file C:/Users/ailen/Desktop/licenta/Nios_custom_dma/nios_custom_dma/synthesis/submodules/example_master_fifo.vhd
Info: dst_ram: Starting RTL generation for module 'nios_custom_dma_dst_ram'
Info: dst_ram:   Generation command is [exec C:/intelfpga_lite/22.1std/quartus/bin64/perl/bin/perl.exe -I C:/intelfpga_lite/22.1std/quartus/bin64/perl/lib -I C:/intelfpga_lite/22.1std/quartus/sopc_builder/bin/europa -I C:/intelfpga_lite/22.1std/quartus/sopc_builder/bin -I C:/intelfpga_lite/22.1std/quartus/../ip/altera/sopc_builder_ip/common -I C:/intelfpga_lite/22.1std/quartus/../ip/altera/sopc_builder_ip/altera_avalon_onchip_memory2 -- C:/intelfpga_lite/22.1std/quartus/../ip/altera/sopc_builder_ip/altera_avalon_onchip_memory2/generate_rtl.pl --name=nios_custom_dma_dst_ram --dir=C:/Users/ailen/AppData/Local/Temp/alt9487_3598895052367972235.dir/0002_dst_ram_gen/ --quartus_dir=C:/intelfpga_lite/22.1std/quartus --verilog --config=C:/Users/ailen/AppData/Local/Temp/alt9487_3598895052367972235.dir/0002_dst_ram_gen//nios_custom_dma_dst_ram_component_configuration.pl  --do_build_sim=0  ]
Info: dst_ram: Done RTL generation for module 'nios_custom_dma_dst_ram'
Info: dst_ram: "nios_custom_dma" instantiated altera_avalon_onchip_memory2 "dst_ram"
Info: jtag_uart_0: Starting RTL generation for module 'nios_custom_dma_jtag_uart_0'
Info: jtag_uart_0:   Generation command is [exec C:/intelfpga_lite/22.1std/quartus/bin64/perl/bin/perl.exe -I C:/intelfpga_lite/22.1std/quartus/bin64/perl/lib -I C:/intelfpga_lite/22.1std/quartus/sopc_builder/bin/europa -I C:/intelfpga_lite/22.1std/quartus/sopc_builder/bin -I C:/intelfpga_lite/22.1std/quartus/../ip/altera/sopc_builder_ip/common -I C:/intelfpga_lite/22.1std/quartus/../ip/altera/sopc_builder_ip/altera_avalon_jtag_uart -- C:/intelfpga_lite/22.1std/quartus/../ip/altera/sopc_builder_ip/altera_avalon_jtag_uart/generate_rtl.pl --name=nios_custom_dma_jtag_uart_0 --dir=C:/Users/ailen/AppData/Local/Temp/alt9487_3598895052367972235.dir/0003_jtag_uart_0_gen/ --quartus_dir=C:/intelfpga_lite/22.1std/quartus --verilog --config=C:/Users/ailen/AppData/Local/Temp/alt9487_3598895052367972235.dir/0003_jtag_uart_0_gen//nios_custom_dma_jtag_uart_0_component_configuration.pl  --do_build_sim=0  ]
Info: jtag_uart_0: Done RTL generation for module 'nios_custom_dma_jtag_uart_0'
Info: jtag_uart_0: "nios_custom_dma" instantiated altera_avalon_jtag_uart "jtag_uart_0"
Info: nios2_gen2_0: "nios_custom_dma" instantiated altera_nios2_gen2 "nios2_gen2_0"
Info: pipelined_dma: "nios_custom_dma" instantiated pipelined_read_example "pipelined_dma"
Info: Reusing file C:/Users/ailen/Desktop/licenta/Nios_custom_dma/nios_custom_dma/synthesis/submodules/example_master_fifo.vhd
Info: program: Starting RTL generation for module 'nios_custom_dma_program'
Info: program:   Generation command is [exec C:/intelfpga_lite/22.1std/quartus/bin64/perl/bin/perl.exe -I C:/intelfpga_lite/22.1std/quartus/bin64/perl/lib -I C:/intelfpga_lite/22.1std/quartus/sopc_builder/bin/europa -I C:/intelfpga_lite/22.1std/quartus/sopc_builder/bin -I C:/intelfpga_lite/22.1std/quartus/../ip/altera/sopc_builder_ip/common -I C:/intelfpga_lite/22.1std/quartus/../ip/altera/sopc_builder_ip/altera_avalon_onchip_memory2 -- C:/intelfpga_lite/22.1std/quartus/../ip/altera/sopc_builder_ip/altera_avalon_onchip_memory2/generate_rtl.pl --name=nios_custom_dma_program --dir=C:/Users/ailen/AppData/Local/Temp/alt9487_3598895052367972235.dir/0004_program_gen/ --quartus_dir=C:/intelfpga_lite/22.1std/quartus --verilog --config=C:/Users/ailen/AppData/Local/Temp/alt9487_3598895052367972235.dir/0004_program_gen//nios_custom_dma_program_component_configuration.pl  --do_build_sim=0  ]
Info: program: Done RTL generation for module 'nios_custom_dma_program'
Info: program: "nios_custom_dma" instantiated altera_avalon_onchip_memory2 "program"
Info: simple_dma: "nios_custom_dma" instantiated simple_example "simple_dma"
Info: Reusing file C:/Users/ailen/Desktop/licenta/Nios_custom_dma/nios_custom_dma/synthesis/submodules/example_master_fifo.vhd
Info: src_ram: Starting RTL generation for module 'nios_custom_dma_src_ram'
Info: src_ram:   Generation command is [exec C:/intelfpga_lite/22.1std/quartus/bin64/perl/bin/perl.exe -I C:/intelfpga_lite/22.1std/quartus/bin64/perl/lib -I C:/intelfpga_lite/22.1std/quartus/sopc_builder/bin/europa -I C:/intelfpga_lite/22.1std/quartus/sopc_builder/bin -I C:/intelfpga_lite/22.1std/quartus/../ip/altera/sopc_builder_ip/common -I C:/intelfpga_lite/22.1std/quartus/../ip/altera/sopc_builder_ip/altera_avalon_onchip_memory2 -- C:/intelfpga_lite/22.1std/quartus/../ip/altera/sopc_builder_ip/altera_avalon_onchip_memory2/generate_rtl.pl --name=nios_custom_dma_src_ram --dir=C:/Users/ailen/AppData/Local/Temp/alt9487_3598895052367972235.dir/0005_src_ram_gen/ --quartus_dir=C:/intelfpga_lite/22.1std/quartus --verilog --config=C:/Users/ailen/AppData/Local/Temp/alt9487_3598895052367972235.dir/0005_src_ram_gen//nios_custom_dma_src_ram_component_configuration.pl  --do_build_sim=0  ]
Info: src_ram: Done RTL generation for module 'nios_custom_dma_src_ram'
Info: src_ram: "nios_custom_dma" instantiated altera_avalon_onchip_memory2 "src_ram"
Info: avalon_st_adapter: Inserting error_adapter: error_adapter_0
Info: avalon_st_adapter_001: Inserting error_adapter: error_adapter_0
Info: avalon_st_adapter_002: Inserting error_adapter: error_adapter_0
Info: avalon_st_adapter_003: Inserting error_adapter: error_adapter_0
Info: avalon_st_adapter_004: Inserting error_adapter: error_adapter_0
Info: avalon_st_adapter_005: Inserting error_adapter: error_adapter_0
Info: avalon_st_adapter_006: Inserting error_adapter: error_adapter_0
Info: avalon_st_adapter_007: Inserting error_adapter: error_adapter_0
Info: avalon_st_adapter_008: Inserting error_adapter: error_adapter_0
Info: mm_interconnect_0: "nios_custom_dma" instantiated altera_mm_interconnect "mm_interconnect_0"
Info: irq_mapper: "nios_custom_dma" instantiated altera_irq_mapper "irq_mapper"
Info: rst_controller: "nios_custom_dma" instantiated altera_reset_controller "rst_controller"
Info: cpu: Starting RTL generation for module 'nios_custom_dma_nios2_gen2_0_cpu'
Info: cpu:   Generation command is [exec C:/intelFPGA_lite/22.1std/quartus/bin64//perl/bin/perl.exe -I C:/intelFPGA_lite/22.1std/quartus/bin64//perl/lib -I C:/intelfpga_lite/22.1std/quartus/sopc_builder/bin/europa -I C:/intelfpga_lite/22.1std/quartus/sopc_builder/bin -I C:/intelfpga_lite/22.1std/quartus/../ip/altera/nios2_ip/altera_nios2_gen2/cpu_lib -I C:/intelfpga_lite/22.1std/quartus/../ip/altera/nios2_ip/altera_nios2_gen2/nios_lib -I C:/intelfpga_lite/22.1std/quartus/../ip/altera/nios2_ip/altera_nios2_gen2 -I C:/intelfpga_lite/22.1std/quartus/../ip/altera/nios2_ip/altera_nios2_gen2 -- C:/intelfpga_lite/22.1std/quartus/../ip/altera/nios2_ip/altera_nios2_gen2/generate_rtl.pl --name=nios_custom_dma_nios2_gen2_0_cpu --dir=C:/Users/ailen/AppData/Local/Temp/alt9487_3598895052367972235.dir/0008_cpu_gen/ --quartus_bindir=C:/intelFPGA_lite/22.1std/quartus/bin64/ --verilog --config=C:/Users/ailen/AppData/Local/Temp/alt9487_3598895052367972235.dir/0008_cpu_gen//nios_custom_dma_nios2_gen2_0_cpu_processor_configuration.pl  --do_build_sim=0  ]
Info: cpu: # 2023.05.10 14:59:37 (*) Starting Nios II generation
Info: cpu: # 2023.05.10 14:59:37 (*)   Elaborating CPU configuration settings
Info: cpu: # 2023.05.10 14:59:37 (*)   Creating all objects for CPU
Info: cpu: # 2023.05.10 14:59:37 (*)     Testbench
Info: cpu: # 2023.05.10 14:59:37 (*)     Instruction decoding
Info: cpu: # 2023.05.10 14:59:37 (*)       Instruction fields
Info: cpu: # 2023.05.10 14:59:37 (*)       Instruction decodes
Info: cpu: # 2023.05.10 14:59:38 (*)       Signals for RTL simulation waveforms
Info: cpu: # 2023.05.10 14:59:38 (*)       Instruction controls
Info: cpu: # 2023.05.10 14:59:38 (*)     Pipeline frontend
Info: cpu: # 2023.05.10 14:59:38 (*)     Pipeline backend
Info: cpu: # 2023.05.10 14:59:39 (*)   Generating RTL from CPU objects
Info: cpu: # 2023.05.10 14:59:39 (*)   Creating plain-text RTL
Info: cpu: # 2023.05.10 14:59:40 (*) Done Nios II generation
Info: cpu: Done RTL generation for module 'nios_custom_dma_nios2_gen2_0_cpu'
Info: cpu: "nios2_gen2_0" instantiated altera_nios2_gen2_unit "cpu"
Info: nios2_gen2_0_data_master_translator: "mm_interconnect_0" instantiated altera_merlin_master_translator "nios2_gen2_0_data_master_translator"
Info: jtag_uart_0_avalon_jtag_slave_translator: "mm_interconnect_0" instantiated altera_merlin_slave_translator "jtag_uart_0_avalon_jtag_slave_translator"
Info: nios2_gen2_0_data_master_agent: "mm_interconnect_0" instantiated altera_merlin_master_agent "nios2_gen2_0_data_master_agent"
Info: jtag_uart_0_avalon_jtag_slave_agent: "mm_interconnect_0" instantiated altera_merlin_slave_agent "jtag_uart_0_avalon_jtag_slave_agent"
Info: jtag_uart_0_avalon_jtag_slave_agent_rsp_fifo: "mm_interconnect_0" instantiated altera_avalon_sc_fifo "jtag_uart_0_avalon_jtag_slave_agent_rsp_fifo"
Info: router: "mm_interconnect_0" instantiated altera_merlin_router "router"
Info: router_001: "mm_interconnect_0" instantiated altera_merlin_router "router_001"
Info: router_005: "mm_interconnect_0" instantiated altera_merlin_router "router_005"
Info: router_009: "mm_interconnect_0" instantiated altera_merlin_router "router_009"
Info: router_010: "mm_interconnect_0" instantiated altera_merlin_router "router_010"
Info: router_015: "mm_interconnect_0" instantiated altera_merlin_router "router_015"
Info: router_017: "mm_interconnect_0" instantiated altera_merlin_router "router_017"
Info: router_018: "mm_interconnect_0" instantiated altera_merlin_router "router_018"
Info: nios2_gen2_0_data_master_limiter: "mm_interconnect_0" instantiated altera_merlin_traffic_limiter "nios2_gen2_0_data_master_limiter"
Info: Reusing file C:/Users/ailen/Desktop/licenta/Nios_custom_dma/nios_custom_dma/synthesis/submodules/altera_avalon_sc_fifo.v
Info: dst_ram_s1_burst_adapter: "mm_interconnect_0" instantiated altera_merlin_burst_adapter "dst_ram_s1_burst_adapter"
Info: Reusing file C:/Users/ailen/Desktop/licenta/Nios_custom_dma/nios_custom_dma/synthesis/submodules/altera_avalon_st_pipeline_base.v
Info: cmd_demux: "mm_interconnect_0" instantiated altera_merlin_demultiplexer "cmd_demux"
Info: cmd_demux_001: "mm_interconnect_0" instantiated altera_merlin_demultiplexer "cmd_demux_001"
Info: cmd_demux_009: "mm_interconnect_0" instantiated altera_merlin_demultiplexer "cmd_demux_009"
Info: cmd_mux: "mm_interconnect_0" instantiated altera_merlin_multiplexer "cmd_mux"
Info: cmd_mux_005: "mm_interconnect_0" instantiated altera_merlin_multiplexer "cmd_mux_005"
Info: Reusing file C:/Users/ailen/Desktop/licenta/Nios_custom_dma/nios_custom_dma/synthesis/submodules/altera_merlin_arbitrator.sv
Info: cmd_mux_007: "mm_interconnect_0" instantiated altera_merlin_multiplexer "cmd_mux_007"
Info: Reusing file C:/Users/ailen/Desktop/licenta/Nios_custom_dma/nios_custom_dma/synthesis/submodules/altera_merlin_arbitrator.sv
Info: rsp_demux_005: "mm_interconnect_0" instantiated altera_merlin_demultiplexer "rsp_demux_005"
Info: rsp_demux_007: "mm_interconnect_0" instantiated altera_merlin_demultiplexer "rsp_demux_007"
Info: rsp_mux: "mm_interconnect_0" instantiated altera_merlin_multiplexer "rsp_mux"
Info: Reusing file C:/Users/ailen/Desktop/licenta/Nios_custom_dma/nios_custom_dma/synthesis/submodules/altera_merlin_arbitrator.sv
Info: rsp_mux_001: "mm_interconnect_0" instantiated altera_merlin_multiplexer "rsp_mux_001"
Info: Reusing file C:/Users/ailen/Desktop/licenta/Nios_custom_dma/nios_custom_dma/synthesis/submodules/altera_merlin_arbitrator.sv
Info: rsp_mux_009: "mm_interconnect_0" instantiated altera_merlin_multiplexer "rsp_mux_009"
Info: Reusing file C:/Users/ailen/Desktop/licenta/Nios_custom_dma/nios_custom_dma/synthesis/submodules/altera_merlin_arbitrator.sv
Info: avalon_st_adapter: "mm_interconnect_0" instantiated altera_avalon_st_adapter "avalon_st_adapter"
Info: error_adapter_0: "avalon_st_adapter" instantiated error_adapter "error_adapter_0"
Info: nios_custom_dma: Done "nios_custom_dma" with 42 modules, 74 files
Info: qsys-generate succeeded.
Info: Finished: Create HDL design files for synthesis
