13:26:39 **** Incremental Build of configuration Nios II for project NiosCustomInstruction ****
wsl make all 
Info: Building /mnt/c/Users/ailen/Desktop/licenta/Nios_Custom_Instruction/software/NiosCustomInstruction_bsp/
make --no-print-directory -C /mnt/c/Users/ailen/Desktop/licenta/Nios_Custom_Instruction/software/NiosCustomInstruction_bsp/
[BSP build complete]
Info: Compiling hello_world_small.c to obj/default/hello_world_small.o
nios2-elf-gcc.exe -xc -MP -MMD -c -Ic:/Users/ailen/Desktop/licenta/Nios_Custom_Instruction/software/NiosCustomInstruction_bsp//HAL/inc -Ic:/Users/ailen/Desktop/licenta/Nios_Custom_Instruction/software/NiosCustomInstruction_bsp/ -Ic:/Users/ailen/Desktop/licenta/Nios_Custom_Instruction/software/NiosCustomInstruction_bsp//drivers/inc -pipe -D__hal__ -DALT_NO_C_PLUS_PLUS -DALT_NO_CLEAN_EXIT -D'exit(a)=_exit(a)' -DALT_NO_EXIT -DALT_USE_DIRECT_DRIVERS -DALT_NO_INSTRUCTION_EMULATION -DALT_USE_SMALL_DRIVERS -DSMALL_C_LIB -DALT_SINGLE_THREADED    -Os -g -Wall  -mno-hw-div -mno-hw-div -mhw-mul -mno-hw-mulx -mgpopt=global  -o "obj/default/hello_world_small.o" "hello_world_small.c"
Info: Linking NiosCustomInstruction.elf
nios2-elf-g++.exe -T'c:/Users/ailen/Desktop/licenta/Nios_Custom_Instruction/software/NiosCustomInstruction_bsp//linker.x' -msys-crt0='c:/Users/ailen/Desktop/licenta/Nios_Custom_Instruction/software/NiosCustomInstruction_bsp//obj/HAL/src/crt0.o' -msys-lib=hal_bsp -Lc:/Users/ailen/Desktop/licenta/Nios_Custom_Instruction/software/NiosCustomInstruction_bsp/ -msmallc  -Wl,-Map=NiosCustomInstruction.map   -Os -g -Wall  -mno-hw-div -mno-hw-div -mhw-mul -mno-hw-mulx -mgpopt=global  -o NiosCustomInstruction.elf obj/default/hello_world_small.o -lm -msys-lib=m
nios2-elf-insert.exe NiosCustomInstruction.elf --thread_model hal --cpu_name NiosCustomInstr --qsys true --simulation_enabled false --stderr_dev DEBUG --stdin_dev DEBUG --stdout_dev DEBUG --sopc_system_name NiosInst --quartus_project_dir "c:/Users/ailen/Desktop/licenta/Nios_Custom_Instruction" --jdi ../..//output_files/NiosCustomInstr.jdi --sopcinfo c:/Users/ailen/Desktop/licenta/Nios_Custom_Instruction/NiosInst.sopcinfo
Info: (NiosCustomInstruction.elf) 3428 Bytes program size (code + initialized data).
Info:                             36 KBytes free for stack + heap.
Info: Creating NiosCustomInstruction.objdump
nios2-elf-objdump.exe --disassemble --syms --all-header --source NiosCustomInstruction.elf >NiosCustomInstruction.objdump
[NiosCustomInstruction build complete]
13:26:59 **** Build of configuration Nios II for project NiosCustomInstruction ****
wsl make all 
Info: Building /mnt/c/Users/ailen/Desktop/licenta/Nios_Custom_Instruction/software/NiosCustomInstruction_bsp/
make --no-print-directory -C /mnt/c/Users/ailen/Desktop/licenta/Nios_Custom_Instruction/software/NiosCustomInstruction_bsp/
[BSP build complete]
[NiosCustomInstruction build complete]
13:27:00 **** Incremental Build of configuration Nios II for project NiosCustomInstruction ****
wsl make all 
Info: Building /mnt/c/Users/ailen/Desktop/licenta/Nios_Custom_Instruction/software/NiosCustomInstruction_bsp/
make --no-print-directory -C /mnt/c/Users/ailen/Desktop/licenta/Nios_Custom_Instruction/software/NiosCustomInstruction_bsp/
[BSP build complete]
[NiosCustomInstruction build complete]
