11:44:35 **** Incremental Build of configuration Nios II for project NiosCustomIP ****
wsl make all 
Info: Building /mnt/c/Users/ailen/Desktop/licenta/Nios_Custom_periherial_1/software/NiosCustomIP_bsp/
make --no-print-directory -C /mnt/c/Users/ailen/Desktop/licenta/Nios_Custom_periherial_1/software/NiosCustomIP_bsp/
[BSP build complete]
Info: Compiling hello_world_small.c to obj/default/hello_world_small.o
nios2-elf-gcc.exe -xc -MP -MMD -c -Ic:/Users/ailen/Desktop/licenta/Nios_Custom_periherial_1/software/NiosCustomIP_bsp//HAL/inc -Ic:/Users/ailen/Desktop/licenta/Nios_Custom_periherial_1/software/NiosCustomIP_bsp/ -Ic:/Users/ailen/Desktop/licenta/Nios_Custom_periherial_1/software/NiosCustomIP_bsp//drivers/inc -pipe -D__hal__ -DALT_NO_C_PLUS_PLUS -DALT_NO_CLEAN_EXIT -D'exit(a)=_exit(a)' -DALT_NO_EXIT -DALT_USE_DIRECT_DRIVERS -DALT_NO_INSTRUCTION_EMULATION -DALT_USE_SMALL_DRIVERS -DSMALL_C_LIB -DALT_SINGLE_THREADED    -Os -g -Wall  -mno-hw-div -mno-hw-div -mhw-mul -mno-hw-mulx -mgpopt=global  -o "obj/default/hello_world_small.o" "hello_world_small.c"
Info: Linking NiosCustomIP.elf
nios2-elf-g++.exe -T'c:/Users/ailen/Desktop/licenta/Nios_Custom_periherial_1/software/NiosCustomIP_bsp//linker.x' -msys-crt0='c:/Users/ailen/Desktop/licenta/Nios_Custom_periherial_1/software/NiosCustomIP_bsp//obj/HAL/src/crt0.o' -msys-lib=hal_bsp -Lc:/Users/ailen/Desktop/licenta/Nios_Custom_periherial_1/software/NiosCustomIP_bsp/ -msmallc  -Wl,-Map=NiosCustomIP.map   -Os -g -Wall  -mno-hw-div -mno-hw-div -mhw-mul -mno-hw-mulx -mgpopt=global  -o NiosCustomIP.elf obj/default/hello_world_small.o -lm -msys-lib=m
nios2-elf-insert.exe NiosCustomIP.elf --thread_model hal --cpu_name NiosCustomIP --qsys true --simulation_enabled false --stderr_dev DEBUG --stdin_dev DEBUG --stdout_dev DEBUG --sopc_system_name NiosCustomIP --quartus_project_dir "c:/Users/ailen/Desktop/licenta/Nios_Custom_periherial_1" --jdi ../..//output_files/Nios_Custom_Periherial_2_quartus.jdi --sopcinfo c:/Users/ailen/Desktop/licenta/Nios_Custom_periherial_1/NiosCustomIP.sopcinfo
Info: (NiosCustomIP.elf) 3264 Bytes program size (code + initialized data).
Info:                    36 KBytes free for stack + heap.
Info: Creating NiosCustomIP.objdump
nios2-elf-objdump.exe --disassemble --syms --all-header --source NiosCustomIP.elf >NiosCustomIP.objdump
[NiosCustomIP build complete]
11:44:54 **** Build of configuration Nios II for project NiosCustomIP ****
wsl make all 
Info: Building /mnt/c/Users/ailen/Desktop/licenta/Nios_Custom_periherial_1/software/NiosCustomIP_bsp/
make --no-print-directory -C /mnt/c/Users/ailen/Desktop/licenta/Nios_Custom_periherial_1/software/NiosCustomIP_bsp/
[BSP build complete]
[NiosCustomIP build complete]
11:45:16 **** Incremental Build of configuration Nios II for project NiosCustomIP ****
wsl make all 
Info: Building /mnt/c/Users/ailen/Desktop/licenta/Nios_Custom_periherial_1/software/NiosCustomIP_bsp/
make --no-print-directory -C /mnt/c/Users/ailen/Desktop/licenta/Nios_Custom_periherial_1/software/NiosCustomIP_bsp/
[BSP build complete]
[NiosCustomIP build complete]
