14:07:14 **** Incremental Build of configuration Nios II for project dma_nios ****
wsl make all 
Info: Building /mnt/c/Users/ailen/Desktop/licenta/Nios_msgDMA/software/dma_nios_bsp/
make --no-print-directory -C /mnt/c/Users/ailen/Desktop/licenta/Nios_msgDMA/software/dma_nios_bsp/
[BSP build complete]
Info: Compiling hello_world_small.c to obj/default/hello_world_small.o
nios2-elf-gcc.exe -xc -MP -MMD -c -Ic:/Users/ailen/Desktop/licenta/Nios_msgDMA/software/dma_nios_bsp//HAL/inc -Ic:/Users/ailen/Desktop/licenta/Nios_msgDMA/software/dma_nios_bsp/ -Ic:/Users/ailen/Desktop/licenta/Nios_msgDMA/software/dma_nios_bsp//drivers/inc -pipe -D__hal__ -DALT_NO_C_PLUS_PLUS -DALT_NO_CLEAN_EXIT -D'exit(a)=_exit(a)' -DALT_NO_EXIT -DALT_USE_DIRECT_DRIVERS -DALT_NO_INSTRUCTION_EMULATION -DALT_USE_SMALL_DRIVERS -DSMALL_C_LIB -DALT_SINGLE_THREADED    -Os -g -Wall  -mno-hw-div -mno-hw-div -mhw-mul -mno-hw-mulx -mgpopt=global  -o "obj/default/hello_world_small.o" "hello_world_small.c"
hello_world_small.c: In function 'main':
hello_world_small.c:43:3: warning: this 'while' clause does not guard... [-Wmisleading-indentation]
   43 |   while (alt_msgdma_standard_descriptor_async_transfer(STDATA_MSGDMA, &STDATA_MSGDMA_DESC));
      |   ^~~~~
hello_world_small.c:46:5: note: ...this statement, but the latter is misleadingly indented as if it were guarded by the 'while'
   46 |     for (int i = 0; i < LEN; i++) {
      |     ^~~
hello_world_small.c:61:39: warning: implicit declaration of function 'malloc' [-Wimplicit-function-declaration]
   61 |    alt_u32 *READ_ADDRESS = (alt_u32 *)malloc(LEN * sizeof(alt_u32));
      |                                       ^~~~~~
hello_world_small.c:6:1: note: include '<stdlib.h>' or provide a declaration of 'malloc'
    5 | #include "altera_msgdma.h"
  +++ |+#include <stdlib.h>
    6 | #include "system.h"
hello_world_small.c:61:39: warning: incompatible implicit declaration of built-in function 'malloc' [-Wbuiltin-declaration-mismatch]
   61 |    alt_u32 *READ_ADDRESS = (alt_u32 *)malloc(LEN * sizeof(alt_u32));
      |                                       ^~~~~~
hello_world_small.c:61:39: note: include '<stdlib.h>' or provide a declaration of 'malloc'
hello_world_small.c:70:78: warning: format '%x' expects argument of type 'unsigned int', but argument 4 has type 'alt_u32' {aka 'long unsigned int'} [-Wformat=]
   70 |        printf("Data verification error at index %d, expected %08x, actual %08x\n", i, 0xAAAAAAAA, *(READ_ADDRESS + i));
      |                                                                           ~~~^                    ~~~~~~~~~~~~~~~~~~~
      |                                                                              |                    |
      |                                                                              unsigned int         alt_u32 {aka long unsigned int}
      |                                                                           %08lx
hello_world_small.c:78:4: warning: implicit declaration of function 'free' [-Wimplicit-function-declaration]
   78 |    free(READ_ADDRESS);
      |    ^~~~
hello_world_small.c:78:4: note: include '<stdlib.h>' or provide a declaration of 'free'
hello_world_small.c:78:4: warning: incompatible implicit declaration of built-in function 'free' [-Wbuiltin-declaration-mismatch]
hello_world_small.c:78:4: note: include '<stdlib.h>' or provide a declaration of 'free'
Info: Linking dma_nios.elf
nios2-elf-g++.exe -T'c:/Users/ailen/Desktop/licenta/Nios_msgDMA/software/dma_nios_bsp//linker.x' -msys-crt0='c:/Users/ailen/Desktop/licenta/Nios_msgDMA/software/dma_nios_bsp//obj/HAL/src/crt0.o' -msys-lib=hal_bsp -Lc:/Users/ailen/Desktop/licenta/Nios_msgDMA/software/dma_nios_bsp/ -msmallc  -Wl,-Map=dma_nios.map   -Os -g -Wall  -mno-hw-div -mno-hw-div -mhw-mul -mno-hw-mulx -mgpopt=global  -o dma_nios.elf obj/default/hello_world_small.o -lm -msys-lib=m
nios2-elf-insert.exe dma_nios.elf --thread_model hal --cpu_name nios2_gen2_0 --qsys true --simulation_enabled false --stderr_dev jtag_uart_0 --stdin_dev jtag_uart_0 --stdout_dev jtag_uart_0 --sopc_system_name dma --quartus_project_dir "c:/Users/ailen/Desktop/licenta/Nios_msgDMA" --jdi ../..//output_files/DMA.jdi --sopcinfo c:/Users/ailen/Desktop/licenta/Nios_msgDMA/dma.sopcinfo
Info: (dma_nios.elf) 11 KBytes program size (code + initialized data).
Info:                28 KBytes free for stack + heap.
Info: Creating dma_nios.objdump
nios2-elf-objdump.exe --disassemble --syms --all-header --source dma_nios.elf >dma_nios.objdump
[dma_nios build complete]
14:07:22 **** Build of configuration Nios II for project dma_nios ****
wsl make all 
Info: Building /mnt/c/Users/ailen/Desktop/licenta/Nios_msgDMA/software/dma_nios_bsp/
make --no-print-directory -C /mnt/c/Users/ailen/Desktop/licenta/Nios_msgDMA/software/dma_nios_bsp/
[BSP build complete]
[dma_nios build complete]
14:07:23 **** Incremental Build of configuration Nios II for project dma_nios ****
wsl make all 
Info: Building /mnt/c/Users/ailen/Desktop/licenta/Nios_msgDMA/software/dma_nios_bsp/
make --no-print-directory -C /mnt/c/Users/ailen/Desktop/licenta/Nios_msgDMA/software/dma_nios_bsp/
[BSP build complete]
[dma_nios build complete]
